{"/sessions/busy-trusting-lamport/mnt/storybook-repo": {"path":"/sessions/busy-trusting-lamport/mnt/storybook-repo","statementMap":{},"fnMap":{},"branchMap":{},"s":{},"f":{},"b":{},"meta":{"lastBranch":0,"lastFunction":0,"lastStatement":0,"seen":{}}}
,"/sessions/busy-trusting-lamport/mnt/storybook-repo/.storybook/preview.ts": {"path":"/sessions/busy-trusting-lamport/mnt/storybook-repo/.storybook/preview.ts","statementMap":{"0":{"start":{"line":8,"column":0},"end":{"line":8,"column":null}},"1":{"start":{"line":11,"column":15},"end":{"line":19,"column":6}},"2":{"start":{"line":20,"column":2},"end":{"line":23,"column":14}},"3":{"start":{"line":22,"column":0},"end":{"line":22,"column":null}},"4":{"start":{"line":25,"column":14},"end":{"line":75,"column":null}}},"fnMap":{"0":{"name":"(anonymous_0)","decl":{"start":{"line":20,"column":2},"end":{"line":20,"column":null}},"loc":{"start":{"line":20,"column":2},"end":{"line":23,"column":14}},"line":20}},"branchMap":{},"s":{"0":71,"1":71,"2":71,"3":422,"4":71},"f":{"0":422},"b":{},"meta":{"lastBranch":0,"lastFunction":1,"lastStatement":5,"seen":{"s:8:0:8:Infinity":0,"s:11:15:19:6":1,"s:20:2:23:14":2,"f:20:2:20:Infinity":0,"s:22:0:22:Infinity":3,"s:25:14:75:Infinity":4}}}
,"/sessions/busy-trusting-lamport/mnt/storybook-repo/src/components/Accordion/Accordion.vue": {"path":"/sessions/busy-trusting-lamport/mnt/storybook-repo/src/components/Accordion/Accordion.vue","statementMap":{"0":{"start":{"line":47,"column":14},"end":{"line":47,"column":null}},"1":{"start":{"line":65,"column":16},"end":{"line":66,"column":null}},"2":{"start":{"line":70,"column":12},"end":{"line":70,"column":null}},"3":{"start":{"line":71,"column":2},"end":{"line":74,"column":null}},"4":{"start":{"line":72,"column":4},"end":{"line":72,"column":null}},"5":{"start":{"line":74,"column":4},"end":{"line":74,"column":null}},"6":{"start":{"line":76,"column":2},"end":{"line":76,"column":null}},"7":{"start":{"line":2,"column":7},"end":{"line":2,"column":17}},"8":{"start":{"line":16,"column":13},"end":{"line":16,"column":39}},"9":{"start":{"line":2,"column":2},"end":{"line":31,"column":null}},"10":{"start":{"line":3,"column":4},"end":{"line":31,"column":null}},"11":{"start":{"line":14,"column":16},"end":{"line":14,"column":null}}},"fnMap":{"0":{"name":"toggle","decl":{"start":{"line":69,"column":9},"end":{"line":69,"column":16}},"loc":{"start":{"line":69,"column":28},"end":{"line":76,"column":null}},"line":69},"1":{"name":"(anonymous_1)","decl":{"start":{"line":4,"column":21},"end":{"line":4,"column":null}},"loc":{"start":{"line":4,"column":17},"end":{"line":31,"column":null}},"line":4},"2":{"name":"(anonymous_2)","decl":{"start":{"line":14,"column":9},"end":{"line":14,"column":14}},"loc":{"start":{"line":14,"column":16},"end":{"line":14,"column":null}},"line":14}},"branchMap":{"0":{"loc":{"start":{"line":66,"column":2},"end":{"line":66,"column":61}},"type":"cond-expr","locations":[{"start":{"line":66,"column":22},"end":{"line":66,"column":50}},{"start":{"line":66,"column":53},"end":{"line":66,"column":61}}],"line":66},"1":{"loc":{"start":{"line":70,"column":20},"end":{"line":70,"column":60}},"type":"cond-expr","locations":[{"start":{"line":70,"column":42},"end":{"line":70,"column":58}},{"start":{"line":70,"column":58},"end":{"line":70,"column":60}}],"line":70},"2":{"loc":{"start":{"line":71,"column":2},"end":{"line":74,"column":null}},"type":"if","locations":[{"start":{"line":71,"column":2},"end":{"line":74,"column":null}},{"start":{"line":73,"column":9},"end":{"line":74,"column":null}}],"line":71},"3":{"loc":{"start":{"line":13,"column":19},"end":{"line":13,"column":null}},"type":"cond-expr","locations":[{"start":{"line":13,"column":55},"end":{"line":13,"column":66}},{"start":{"line":13,"column":66},"end":{"line":13,"column":null}}],"line":13},"4":{"loc":{"start":{"line":27,"column":14},"end":{"line":31,"column":null}},"type":"cond-expr","locations":[{"start":{"line":27,"column":33},"end":{"line":31,"column":null}},{"start":{"line":31,"column":23},"end":{"line":31,"column":null}}],"line":27}},"s":{"0":4,"1":4,"2":6,"3":6,"4":2,"5":4,"6":6,"7":1,"8":1,"9":10,"10":30,"11":6},"f":{"0":6,"1":30,"2":6},"b":{"0":[2,2],"1":[3,3],"2":[2,4],"3":[30,0],"4":[8,22]},"meta":{"lastBranch":5,"lastFunction":3,"lastStatement":12,"seen":{"s:47:14:47:Infinity":0,"s:65:16:66:Infinity":1,"b:66:22:66:50:66:53:66:61":0,"f:69:9:69:16":0,"s:70:12:70:Infinity":2,"b:70:42:70:58:70:58:70:60":1,"b:71:2:74:Infinity:73:9:74:Infinity":2,"s:71:2:74:Infinity":3,"s:72:4:72:Infinity":4,"s:74:4:74:Infinity":5,"s:76:2:76:Infinity":6,"s:2:7:2:17":7,"s:16:13:16:39":8,"s:2:2:31:Infinity":9,"f:4:21:4:Infinity":1,"s:3:4:31:Infinity":10,"b:13:55:13:66:13:66:13:Infinity":3,"f:14:9:14:14":2,"s:14:16:14:Infinity":11,"b:27:33:31:Infinity:31:23:31:Infinity":4}}}
,"/sessions/busy-trusting-lamport/mnt/storybook-repo/src/components/AdBanner/AdBanner.vue": {"path":"/sessions/busy-trusting-lamport/mnt/storybook-repo/src/components/AdBanner/AdBanner.vue","statementMap":{"0":{"start":{"line":42,"column":34},"end":{"line":44,"column":null}},"1":{"start":{"line":47,"column":14},"end":{"line":47,"column":null}},"2":{"start":{"line":54,"column":20},"end":{"line":54,"column":40}},"3":{"start":{"line":55,"column":20},"end":{"line":55,"column":25}},"4":{"start":{"line":56,"column":20},"end":{"line":56,"column":29}},"5":{"start":{"line":57,"column":20},"end":{"line":57,"column":25}},"6":{"start":{"line":59,"column":23},"end":{"line":59,"column":68}},"7":{"start":{"line":59,"column":38},"end":{"line":59,"column":68}},"8":{"start":{"line":61,"column":19},"end":{"line":63,"column":2}},"9":{"start":{"line":61,"column":35},"end":{"line":62,"column":null}},"10":{"start":{"line":66,"column":2},"end":{"line":66,"column":null}},"11":{"start":{"line":67,"column":2},"end":{"line":67,"column":null}},"12":{"start":{"line":68,"column":4},"end":{"line":68,"column":null}},"13":{"start":{"line":72,"column":2},"end":{"line":72,"column":null}},"14":{"start":{"line":72,"column":25},"end":{"line":72,"column":null}},"15":{"start":{"line":73,"column":2},"end":{"line":73,"column":null}},"16":{"start":{"line":77,"column":2},"end":{"line":77,"column":null}},"17":{"start":{"line":77,"column":25},"end":{"line":77,"column":null}},"18":{"start":{"line":78,"column":2},"end":{"line":78,"column":null}},"19":{"start":{"line":79,"column":16},"end":{"line":79,"column":null}},"20":{"start":{"line":80,"column":2},"end":{"line":83,"column":null}},"21":{"start":{"line":81,"column":4},"end":{"line":81,"column":null}},"22":{"start":{"line":82,"column":13},"end":{"line":83,"column":null}},"23":{"start":{"line":83,"column":4},"end":{"line":83,"column":null}},"24":{"start":{"line":85,"column":2},"end":{"line":85,"column":null}},"25":{"start":{"line":2,"column":2},"end":{"line":27,"column":null}},"26":{"start":{"line":11,"column":6},"end":{"line":17,"column":75}},"27":{"start":{"line":23,"column":6},"end":{"line":27,"column":null}}},"fnMap":{"0":{"name":"(anonymous_0)","decl":{"start":{"line":59,"column":23},"end":{"line":59,"column":38}},"loc":{"start":{"line":59,"column":38},"end":{"line":59,"column":68}},"line":59},"1":{"name":"(anonymous_1)","decl":{"start":{"line":61,"column":19},"end":{"line":61,"column":35}},"loc":{"start":{"line":61,"column":35},"end":{"line":62,"column":null}},"line":61},"2":{"name":"onPointerDown","decl":{"start":{"line":65,"column":9},"end":{"line":65,"column":23}},"loc":{"start":{"line":65,"column":40},"end":{"line":68,"column":null}},"line":65},"3":{"name":"onPointerMove","decl":{"start":{"line":71,"column":9},"end":{"line":71,"column":23}},"loc":{"start":{"line":71,"column":40},"end":{"line":73,"column":null}},"line":71},"4":{"name":"onPointerUp","decl":{"start":{"line":76,"column":9},"end":{"line":76,"column":23}},"loc":{"start":{"line":76,"column":23},"end":{"line":85,"column":null}},"line":76},"5":{"name":"(anonymous_5)","decl":{"start":{"line":12,"column":31},"end":{"line":12,"column":null}},"loc":{"start":{"line":12,"column":26},"end":{"line":17,"column":75}},"line":12},"6":{"name":"(anonymous_6)","decl":{"start":{"line":24,"column":27},"end":{"line":24,"column":null}},"loc":{"start":{"line":24,"column":22},"end":{"line":27,"column":null}},"line":24}},"branchMap":{"0":{"loc":{"start":{"line":59,"column":38},"end":{"line":59,"column":68}},"type":"binary-expr","locations":[{"start":{"line":59,"column":38},"end":{"line":59,"column":54}},{"start":{"line":59,"column":54},"end":{"line":59,"column":68}}],"line":59},"1":{"loc":{"start":{"line":72,"column":2},"end":{"line":72,"column":null}},"type":"if","locations":[{"start":{"line":72,"column":2},"end":{"line":72,"column":null}},{"start":{},"end":{}}],"line":72},"2":{"loc":{"start":{"line":77,"column":2},"end":{"line":77,"column":null}},"type":"if","locations":[{"start":{"line":77,"column":2},"end":{"line":77,"column":null}},{"start":{},"end":{}}],"line":77},"3":{"loc":{"start":{"line":80,"column":2},"end":{"line":83,"column":null}},"type":"if","locations":[{"start":{"line":80,"column":2},"end":{"line":83,"column":null}},{"start":{"line":82,"column":13},"end":{"line":83,"column":null}}],"line":80},"4":{"loc":{"start":{"line":80,"column":6},"end":{"line":80,"column":63}},"type":"binary-expr","locations":[{"start":{"line":80,"column":6},"end":{"line":80,"column":32}},{"start":{"line":80,"column":32},"end":{"line":80,"column":63}}],"line":80},"5":{"loc":{"start":{"line":82,"column":13},"end":{"line":83,"column":null}},"type":"if","locations":[{"start":{"line":82,"column":13},"end":{"line":83,"column":null}},{"start":{},"end":{}}],"line":82},"6":{"loc":{"start":{"line":82,"column":13},"end":{"line":82,"column":61}},"type":"binary-expr","locations":[{"start":{"line":82,"column":13},"end":{"line":82,"column":38}},{"start":{"line":82,"column":38},"end":{"line":82,"column":61}}],"line":82},"7":{"loc":{"start":{"line":17,"column":20},"end":{"line":17,"column":75}},"type":"cond-expr","locations":[{"start":{"line":17,"column":26},"end":{"line":17,"column":75}},{"start":{"line":17,"column":65},"end":{"line":17,"column":75}}],"line":17}},"s":{"0":4,"1":4,"2":4,"3":4,"4":4,"5":4,"6":4,"7":4,"8":4,"9":8,"10":2,"11":2,"12":2,"13":2,"14":0,"15":2,"16":2,"17":0,"18":2,"19":2,"20":2,"21":1,"22":1,"23":1,"24":2,"25":10,"26":27,"27":27},"f":{"0":4,"1":8,"2":2,"3":2,"4":2,"5":27,"6":27},"b":{"0":[4,2],"1":[0,2],"2":[0,2],"3":[1,1],"4":[2,1],"5":[1,0],"6":[1,1],"7":[27,0]},"meta":{"lastBranch":0,"lastFunction":0,"lastStatement":0,"seen":{}}}
,"/sessions/busy-trusting-lamport/mnt/storybook-repo/src/components/AppBadge/AppBadge.vue": {"path":"/sessions/busy-trusting-lamport/mnt/storybook-repo/src/components/AppBadge/AppBadge.vue","statementMap":{"0":{"start":{"line":18,"column":14},"end":{"line":18,"column":null}},"1":{"start":{"line":27,"column":39},"end":{"line":34,"column":null}},"2":{"start":{"line":35,"column":14},"end":{"line":35,"column":60}},"3":{"start":{"line":35,"column":29},"end":{"line":35,"column":60}},"4":{"start":{"line":2,"column":2},"end":{"line":11,"column":null}}},"fnMap":{"0":{"name":"(anonymous_0)","decl":{"start":{"line":35,"column":14},"end":{"line":35,"column":29}},"loc":{"start":{"line":35,"column":29},"end":{"line":35,"column":60}},"line":35}},"branchMap":{"0":{"loc":{"start":{"line":35,"column":36},"end":{"line":35,"column":60}},"type":"binary-expr","locations":[{"start":{"line":35,"column":36},"end":{"line":35,"column":53}},{"start":{"line":35,"column":53},"end":{"line":35,"column":60}}],"line":35},"1":{"loc":{"start":{"line":4,"column":17},"end":{"line":4,"column":null}},"type":"binary-expr","locations":[{"start":{"line":4,"column":17},"end":{"line":4,"column":30}},{"start":{"line":4,"column":30},"end":{"line":4,"column":null}}],"line":4},"2":{"loc":{"start":{"line":7,"column":16},"end":{"line":7,"column":null}},"type":"cond-expr","locations":[{"start":{"line":7,"column":23},"end":{"line":7,"column":16}},{"start":{"line":7,"column":61},"end":{"line":7,"column":null}}],"line":7},"3":{"loc":{"start":{"line":8,"column":15},"end":{"line":9,"column":136}},"type":"cond-expr","locations":[{"start":{"line":8,"column":22},"end":{"line":9,"column":136}}],"line":8},"4":{"loc":{"start":{"line":10,"column":10},"end":{"line":9,"column":136}},"type":"binary-expr","locations":[{"start":{"line":10,"column":10},"end":{"line":10,"column":null}},{"start":{"line":10,"column":10},"end":{"line":9,"column":136}}],"line":10}},"s":{"0":30,"1":30,"2":30,"3":30,"4":30},"f":{"0":30},"b":{"0":[30,0],"1":[30,30],"2":[5,25],"3":[5],"4":[5,5]},"meta":{"lastBranch":0,"lastFunction":0,"lastStatement":0,"seen":{}}}
,"/sessions/busy-trusting-lamport/mnt/storybook-repo/src/components/AppButton/AppButton.vue": {"path":"/sessions/busy-trusting-lamport/mnt/storybook-repo/src/components/AppButton/AppButton.vue","statementMap":{"0":{"start":{"line":24,"column":14},"end":{"line":24,"column":null}},"1":{"start":{"line":2,"column":2},"end":{"line":18,"column":91}},"2":{"start":{"line":12,"column":12},"end":{"line":12,"column":null}}},"fnMap":{"0":{"name":"(anonymous_0)","decl":{"start":{"line":12,"column":10},"end":{"line":12,"column":12}},"loc":{"start":{"line":12,"column":12},"end":{"line":12,"column":null}},"line":12}},"branchMap":{"0":{"loc":{"start":{"line":3,"column":199},"end":{"line":3,"column":218}},"type":"binary-expr","locations":[{"start":{"line":3,"column":199},"end":{"line":3,"column":211}},{"start":{"line":3,"column":211},"end":{"line":3,"column":218}}],"line":3},"1":{"loc":{"start":{"line":9,"column":15},"end":{"line":9,"column":null}},"type":"binary-expr","locations":[{"start":{"line":9,"column":15},"end":{"line":9,"column":27}},{"start":{"line":9,"column":27},"end":{"line":9,"column":null}}],"line":9},"2":{"loc":{"start":{"line":11,"column":16},"end":{"line":11,"column":null}},"type":"binary-expr","locations":[{"start":{"line":11,"column":16},"end":{"line":11,"column":27}},{"start":{"line":11,"column":27},"end":{"line":11,"column":null}}],"line":11},"3":{"loc":{"start":{"line":12,"column":10},"end":{"line":12,"column":null}},"type":"binary-expr","locations":[{"start":{"line":12,"column":10},"end":{"line":12,"column":12}},{"start":{"line":12,"column":10},"end":{"line":12,"column":null}}],"line":12},"4":{"loc":{"start":{"line":14,"column":16},"end":{"line":18,"column":91}},"type":"cond-expr","locations":[{"start":{"line":14,"column":16},"end":{"line":14,"column":16}},{"start":{"line":14,"column":74},"end":{"line":18,"column":91}}],"line":14},"5":{"loc":{"start":{"line":16,"column":18},"end":{"line":16,"column":89}},"type":"cond-expr","locations":[{"start":{"line":16,"column":25},"end":{"line":16,"column":89}},{"start":{"line":16,"column":82},"end":{"line":16,"column":89}}],"line":16},"6":{"loc":{"start":{"line":17,"column":19},"end":{"line":17,"column":null}},"type":"cond-expr","locations":[{"start":{"line":17,"column":6},"end":{"line":17,"column":null}},{"start":{"line":17,"column":31},"end":{"line":17,"column":null}}],"line":17},"7":{"loc":{"start":{"line":18,"column":18},"end":{"line":18,"column":91}},"type":"cond-expr","locations":[{"start":{"line":18,"column":25},"end":{"line":18,"column":91}},{"start":{"line":18,"column":84},"end":{"line":18,"column":91}}],"line":18}},"s":{"0":126,"1":132,"2":12},"f":{"0":12},"b":{"0":[132,118],"1":[132,118],"2":[132,127],"3":[132,126],"4":[5,127],"5":[20,107],"6":[124,3],"7":[4,123]},"meta":{"lastBranch":8,"lastFunction":1,"lastStatement":3,"seen":{"s:24:14:24:Infinity":0,"s:2:2:18:91":1,"b:3:199:3:211:3:211:3:218":0,"b:9:15:9:27:9:27:9:Infinity":1,"b:11:16:11:27:11:27:11:Infinity":2,"b:12:10:12:12:12:10:12:Infinity":3,"f:12:10:12:12":0,"s:12:12:12:Infinity":2,"b:14:16:14:16:14:74:18:91":4,"b:16:25:16:89:16:82:16:89":5,"b:17:6:17:Infinity:17:31:17:Infinity":6,"b:18:25:18:91:18:84:18:91":7}}}
,"/sessions/busy-trusting-lamport/mnt/storybook-repo/src/components/AppDivider/AppDivider.vue": {"path":"/sessions/busy-trusting-lamport/mnt/storybook-repo/src/components/AppDivider/AppDivider.vue","statementMap":{"0":{"start":{"line":5,"column":10},"end":{"line":5,"column":41}}},"fnMap":{},"branchMap":{"0":{"loc":{"start":{"line":3,"column":13},"end":{"line":25,"column":null}},"type":"cond-expr","locations":[{"start":{"line":3,"column":13},"end":{"line":10,"column":null}},{"start":{"line":10,"column":15},"end":{"line":25,"column":null}}],"line":3},"1":{"loc":{"start":{"line":4,"column":4},"end":{"line":4,"column":62}},"type":"binary-expr","locations":[{"start":{"line":4,"column":4},"end":{"line":4,"column":10}},{"start":{"line":4,"column":4},"end":{"line":4,"column":62}}],"line":4},"2":{"loc":{"start":{"line":6,"column":4},"end":{"line":6,"column":62}},"type":"binary-expr","locations":[{"start":{"line":6,"column":4},"end":{"line":6,"column":10}},{"start":{"line":6,"column":4},"end":{"line":6,"column":62}}],"line":6},"3":{"loc":{"start":{"line":10,"column":15},"end":{"line":25,"column":null}},"type":"cond-expr","locations":[{"start":{"line":10,"column":15},"end":{"line":21,"column":null}},{"start":{"line":21,"column":2},"end":{"line":25,"column":null}}],"line":10},"4":{"loc":{"start":{"line":13,"column":111},"end":{"line":13,"column":null}},"type":"cond-expr","locations":[{"start":{"line":13,"column":121},"end":{"line":13,"column":null}},{"start":{"line":13,"column":128},"end":{"line":13,"column":null}}],"line":13},"5":{"loc":{"start":{"line":25,"column":111},"end":{"line":25,"column":null}},"type":"cond-expr","locations":[{"start":{"line":25,"column":121},"end":{"line":25,"column":null}},{"start":{"line":25,"column":128},"end":{"line":25,"column":null}}],"line":25}},"s":{"0":1},"f":{},"b":{"0":[3,16],"1":[3,3],"2":[3,3],"3":[5,11],"4":[1,4],"5":[8,3]},"meta":{"lastBranch":0,"lastFunction":0,"lastStatement":0,"seen":{}}}
,"/sessions/busy-trusting-lamport/mnt/storybook-repo/src/components/AppHeader/AppHeader.vue": {"path":"/sessions/busy-trusting-lamport/mnt/storybook-repo/src/components/AppHeader/AppHeader.vue","statementMap":{"0":{"start":{"line":68,"column":14},"end":{"line":68,"column":null}},"1":{"start":{"line":100,"column":24},"end":{"line":106,"column":null}},"2":{"start":{"line":101,"column":2},"end":{"line":106,"column":17}},"3":{"start":{"line":104,"column":14},"end":{"line":104,"column":24}},"4":{"start":{"line":2,"column":7},"end":{"line":2,"column":17}},"5":{"start":{"line":5,"column":9},"end":{"line":5,"column":25}},"6":{"start":{"line":8,"column":11},"end":{"line":8,"column":28}},"7":{"start":{"line":19,"column":14},"end":{"line":19,"column":34}},"8":{"start":{"line":23,"column":11},"end":{"line":23,"column":26}},"9":{"start":{"line":28,"column":11},"end":{"line":28,"column":30}},"10":{"start":{"line":2,"column":2},"end":{"line":55,"column":null}},"11":{"start":{"line":29,"column":85},"end":{"line":29,"column":null}},"12":{"start":{"line":32,"column":99},"end":{"line":32,"column":null}},"13":{"start":{"line":37,"column":94},"end":{"line":37,"column":null}},"14":{"start":{"line":42,"column":85},"end":{"line":42,"column":null}},"15":{"start":{"line":54,"column":13},"end":{"line":54,"column":null}},"16":{"start":{"line":55,"column":14},"end":{"line":55,"column":null}}},"fnMap":{"0":{"name":"(anonymous_0)","decl":{"start":{"line":100,"column":24},"end":{"line":100,"column":null}},"loc":{"start":{"line":101,"column":2},"end":{"line":106,"column":17}},"line":101},"1":{"name":"(anonymous_1)","decl":{"start":{"line":104,"column":5},"end":{"line":104,"column":9}},"loc":{"start":{"line":104,"column":14},"end":{"line":104,"column":24}},"line":104},"2":{"name":"(anonymous_2)","decl":{"start":{"line":29,"column":83},"end":{"line":29,"column":85}},"loc":{"start":{"line":29,"column":85},"end":{"line":29,"column":null}},"line":29},"3":{"name":"(anonymous_3)","decl":{"start":{"line":32,"column":97},"end":{"line":32,"column":99}},"loc":{"start":{"line":32,"column":99},"end":{"line":32,"column":null}},"line":32},"4":{"name":"(anonymous_4)","decl":{"start":{"line":37,"column":92},"end":{"line":37,"column":94}},"loc":{"start":{"line":37,"column":94},"end":{"line":37,"column":null}},"line":37},"5":{"name":"(anonymous_5)","decl":{"start":{"line":42,"column":83},"end":{"line":42,"column":85}},"loc":{"start":{"line":42,"column":85},"end":{"line":42,"column":null}},"line":42},"6":{"name":"(anonymous_6)","decl":{"start":{"line":54,"column":11},"end":{"line":54,"column":13}},"loc":{"start":{"line":54,"column":13},"end":{"line":54,"column":null}},"line":54},"7":{"name":"(anonymous_7)","decl":{"start":{"line":55,"column":12},"end":{"line":55,"column":14}},"loc":{"start":{"line":55,"column":14},"end":{"line":55,"column":null}},"line":55}},"branchMap":{"0":{"loc":{"start":{"line":104,"column":14},"end":{"line":104,"column":24}},"type":"binary-expr","locations":[{"start":{"line":104,"column":14},"end":{"line":104,"column":22}},{"start":{"line":104,"column":22},"end":{"line":104,"column":24}}],"line":104},"1":{"loc":{"start":{"line":9,"column":19},"end":{"line":19,"column":14}},"type":"cond-expr","locations":[{"start":{"line":9,"column":19},"end":{"line":12,"column":20}},{"start":{"line":12,"column":8},"end":{"line":19,"column":14}}],"line":9},"2":{"loc":{"start":{"line":18,"column":14},"end":{"line":19,"column":14}},"type":"binary-expr","locations":[{"start":{"line":18,"column":14},"end":{"line":18,"column":null}},{"start":{"line":18,"column":14},"end":{"line":19,"column":14}}],"line":18},"3":{"loc":{"start":{"line":29,"column":22},"end":{"line":30,"column":67}},"type":"cond-expr","locations":[{"start":{"line":29,"column":22},"end":{"line":30,"column":67}}],"line":29},"4":{"loc":{"start":{"line":29,"column":83},"end":{"line":29,"column":null}},"type":"binary-expr","locations":[{"start":{"line":29,"column":83},"end":{"line":29,"column":85}},{"start":{"line":29,"column":83},"end":{"line":29,"column":null}}],"line":29},"5":{"loc":{"start":{"line":32,"column":22},"end":{"line":33,"column":43}},"type":"cond-expr","locations":[{"start":{"line":32,"column":22},"end":{"line":33,"column":43}},{"start":{"line":33,"column":39},"end":{"line":33,"column":43}}],"line":32},"6":{"loc":{"start":{"line":32,"column":97},"end":{"line":32,"column":null}},"type":"binary-expr","locations":[{"start":{"line":32,"column":97},"end":{"line":32,"column":99}},{"start":{"line":32,"column":97},"end":{"line":32,"column":null}}],"line":32},"7":{"loc":{"start":{"line":37,"column":22},"end":{"line":38,"column":69}},"type":"cond-expr","locations":[{"start":{"line":37,"column":22},"end":{"line":38,"column":69}}],"line":37},"8":{"loc":{"start":{"line":37,"column":92},"end":{"line":37,"column":null}},"type":"binary-expr","locations":[{"start":{"line":37,"column":92},"end":{"line":37,"column":94}},{"start":{"line":37,"column":92},"end":{"line":37,"column":null}}],"line":37},"9":{"loc":{"start":{"line":42,"column":83},"end":{"line":42,"column":null}},"type":"binary-expr","locations":[{"start":{"line":42,"column":83},"end":{"line":42,"column":85}},{"start":{"line":42,"column":83},"end":{"line":42,"column":null}}],"line":42},"10":{"loc":{"start":{"line":43,"column":30},"end":{"line":43,"column":64}},"type":"binary-expr","locations":[{"start":{"line":43,"column":30},"end":{"line":43,"column":46}},{"start":{"line":43,"column":46},"end":{"line":43,"column":64}}],"line":43},"11":{"loc":{"start":{"line":50,"column":12},"end":{"line":55,"column":null}},"type":"cond-expr","locations":[{"start":{"line":50,"column":19},"end":{"line":55,"column":null}}],"line":50},"12":{"loc":{"start":{"line":54,"column":11},"end":{"line":54,"column":null}},"type":"binary-expr","locations":[{"start":{"line":54,"column":11},"end":{"line":54,"column":13}},{"start":{"line":54,"column":11},"end":{"line":54,"column":null}}],"line":54},"13":{"loc":{"start":{"line":55,"column":12},"end":{"line":55,"column":null}},"type":"binary-expr","locations":[{"start":{"line":55,"column":12},"end":{"line":55,"column":14}},{"start":{"line":55,"column":12},"end":{"line":55,"column":null}}],"line":55}},"s":{"0":32,"1":32,"2":25,"3":42,"4":7,"5":7,"6":7,"7":7,"8":7,"9":7,"10":34,"11":3,"12":2,"13":1,"14":2,"15":2,"16":1},"f":{"0":25,"1":42,"2":3,"3":2,"4":1,"5":2,"6":2,"7":1},"b":{"0":[42,0],"1":[1,33],"2":[33,31],"3":[34],"4":[34,32],"5":[33,1],"6":[33,31],"7":[8],"8":[8,8],"9":[34,32],"10":[34,25],"11":[20],"12":[20,20],"13":[20,20]},"meta":{"lastBranch":0,"lastFunction":0,"lastStatement":0,"seen":{}}}
,"/sessions/busy-trusting-lamport/mnt/storybook-repo/src/components/AppInput/AppInput.vue": {"path":"/sessions/busy-trusting-lamport/mnt/storybook-repo/src/components/AppInput/AppInput.vue","statementMap":{"0":{"start":{"line":94,"column":29},"end":{"line":330,"column":null}},"1":{"start":{"line":332,"column":14},"end":{"line":332,"column":null}},"2":{"start":{"line":350,"column":13},"end":{"line":350,"column":null}},"3":{"start":{"line":355,"column":16},"end":{"line":355,"column":25}},"4":{"start":{"line":356,"column":18},"end":{"line":356,"column":27}},"5":{"start":{"line":357,"column":21},"end":{"line":358,"column":null}},"6":{"start":{"line":358,"column":2},"end":{"line":358,"column":null}},"7":{"start":{"line":360,"column":16},"end":{"line":361,"column":null}},"8":{"start":{"line":361,"column":2},"end":{"line":361,"column":54}},"9":{"start":{"line":365,"column":21},"end":{"line":365,"column":30}},"10":{"start":{"line":366,"column":22},"end":{"line":366,"column":28}},"11":{"start":{"line":367,"column":18},"end":{"line":367,"column":51}},"12":{"start":{"line":368,"column":20},"end":{"line":368,"column":48}},"13":{"start":{"line":369,"column":18},"end":{"line":369,"column":46}},"14":{"start":{"line":371,"column":24},"end":{"line":372,"column":null}},"15":{"start":{"line":372,"column":22},"end":{"line":372,"column":54}},"16":{"start":{"line":375,"column":26},"end":{"line":381,"column":null}},"17":{"start":{"line":376,"column":12},"end":{"line":376,"column":51}},"18":{"start":{"line":377,"column":2},"end":{"line":377,"column":null}},"19":{"start":{"line":377,"column":10},"end":{"line":377,"column":null}},"20":{"start":{"line":378,"column":2},"end":{"line":380,"column":null}},"21":{"start":{"line":379,"column":9},"end":{"line":379,"column":98}},"22":{"start":{"line":384,"column":2},"end":{"line":384,"column":null}},"23":{"start":{"line":385,"column":2},"end":{"line":387,"column":null}},"24":{"start":{"line":386,"column":4},"end":{"line":386,"column":null}},"25":{"start":{"line":387,"column":4},"end":{"line":387,"column":null}},"26":{"start":{"line":387,"column":19},"end":{"line":387,"column":43}},"27":{"start":{"line":392,"column":2},"end":{"line":392,"column":null}},"28":{"start":{"line":393,"column":2},"end":{"line":393,"column":null}},"29":{"start":{"line":394,"column":2},"end":{"line":394,"column":null}},"30":{"start":{"line":399,"column":2},"end":{"line":406,"column":null}},"31":{"start":{"line":406,"column":4},"end":{"line":406,"column":null}},"32":{"start":{"line":410,"column":0},"end":{"line":410,"column":null}},"33":{"start":{"line":410,"column":16},"end":{"line":410,"column":74}},"34":{"start":{"line":411,"column":0},"end":{"line":411,"column":null}},"35":{"start":{"line":411,"column":18},"end":{"line":411,"column":79}},"36":{"start":{"line":20,"column":12},"end":{"line":20,"column":39}},"37":{"start":{"line":21,"column":12},"end":{"line":21,"column":39}},"38":{"start":{"line":27,"column":11},"end":{"line":27,"column":45}},"39":{"start":{"line":37,"column":10},"end":{"line":37,"column":42}},"40":{"start":{"line":45,"column":16},"end":{"line":45,"column":48}},"41":{"start":{"line":46,"column":16},"end":{"line":46,"column":48}},"42":{"start":{"line":47,"column":16},"end":{"line":47,"column":48}},"43":{"start":{"line":2,"column":2},"end":{"line":79,"column":null}},"44":{"start":{"line":31,"column":19},"end":{"line":31,"column":null}},"45":{"start":{"line":34,"column":27},"end":{"line":34,"column":null}},"46":{"start":{"line":38,"column":8},"end":{"line":47,"column":68}},"47":{"start":{"line":43,"column":18},"end":{"line":43,"column":null}},"48":{"start":{"line":63,"column":14},"end":{"line":63,"column":82}},"49":{"start":{"line":64,"column":14},"end":{"line":64,"column":null}},"50":{"start":{"line":65,"column":13},"end":{"line":65,"column":null}},"51":{"start":{"line":71,"column":14},"end":{"line":71,"column":null}}},"fnMap":{"0":{"name":"(anonymous_0)","decl":{"start":{"line":357,"column":21},"end":{"line":357,"column":null}},"loc":{"start":{"line":358,"column":2},"end":{"line":358,"column":null}},"line":358},"1":{"name":"(anonymous_1)","decl":{"start":{"line":360,"column":16},"end":{"line":360,"column":null}},"loc":{"start":{"line":361,"column":2},"end":{"line":361,"column":54}},"line":361},"2":{"name":"(anonymous_2)","decl":{"start":{"line":372,"column":12},"end":{"line":372,"column":17}},"loc":{"start":{"line":372,"column":22},"end":{"line":372,"column":54}},"line":372},"3":{"name":"(anonymous_3)","decl":{"start":{"line":375,"column":26},"end":{"line":375,"column":41}},"loc":{"start":{"line":375,"column":41},"end":{"line":381,"column":null}},"line":375},"4":{"name":"(anonymous_4)","decl":{"start":{"line":378,"column":19},"end":{"line":378,"column":null}},"loc":{"start":{"line":379,"column":9},"end":{"line":379,"column":98}},"line":379},"5":{"name":"toggleDropdown","decl":{"start":{"line":383,"column":9},"end":{"line":383,"column":26}},"loc":{"start":{"line":383,"column":26},"end":{"line":387,"column":null}},"line":383},"6":{"name":"(anonymous_6)","decl":{"start":{"line":387,"column":4},"end":{"line":387,"column":19}},"loc":{"start":{"line":387,"column":19},"end":{"line":387,"column":43}},"line":387},"7":{"name":"selectCountry","decl":{"start":{"line":391,"column":9},"end":{"line":391,"column":23}},"loc":{"start":{"line":391,"column":35},"end":{"line":394,"column":null}},"line":391},"8":{"name":"handleClickOutside","decl":{"start":{"line":398,"column":9},"end":{"line":398,"column":28}},"loc":{"start":{"line":398,"column":43},"end":{"line":406,"column":null}},"line":398},"9":{"name":"(anonymous_9)","decl":{"start":{"line":410,"column":0},"end":{"line":410,"column":16}},"loc":{"start":{"line":410,"column":16},"end":{"line":410,"column":74}},"line":410},"10":{"name":"(anonymous_10)","decl":{"start":{"line":411,"column":0},"end":{"line":411,"column":18}},"loc":{"start":{"line":411,"column":18},"end":{"line":411,"column":79}},"line":411},"11":{"name":"(anonymous_11)","decl":{"start":{"line":31,"column":19},"end":{"line":31,"column":32}},"loc":{"start":{"line":31,"column":19},"end":{"line":31,"column":null}},"line":31},"12":{"name":"(anonymous_12)","decl":{"start":{"line":34,"column":18},"end":{"line":34,"column":27}},"loc":{"start":{"line":34,"column":27},"end":{"line":34,"column":null}},"line":34},"13":{"name":"(anonymous_13)","decl":{"start":{"line":39,"column":22},"end":{"line":39,"column":null}},"loc":{"start":{"line":39,"column":18},"end":{"line":47,"column":68}},"line":39},"14":{"name":"(anonymous_14)","decl":{"start":{"line":43,"column":11},"end":{"line":43,"column":16}},"loc":{"start":{"line":43,"column":18},"end":{"line":43,"column":null}},"line":43},"15":{"name":"(anonymous_15)","decl":{"start":{"line":63,"column":12},"end":{"line":63,"column":14}},"loc":{"start":{"line":63,"column":14},"end":{"line":63,"column":82}},"line":63},"16":{"name":"(anonymous_16)","decl":{"start":{"line":64,"column":12},"end":{"line":64,"column":14}},"loc":{"start":{"line":64,"column":14},"end":{"line":64,"column":null}},"line":64},"17":{"name":"(anonymous_17)","decl":{"start":{"line":65,"column":11},"end":{"line":65,"column":13}},"loc":{"start":{"line":65,"column":13},"end":{"line":65,"column":null}},"line":65},"18":{"name":"(anonymous_18)","decl":{"start":{"line":71,"column":12},"end":{"line":71,"column":14}},"loc":{"start":{"line":71,"column":14},"end":{"line":71,"column":null}},"line":71}},"branchMap":{"0":{"loc":{"start":{"line":358,"column":2},"end":{"line":358,"column":null}},"type":"cond-expr","locations":[{"start":{"line":358,"column":47},"end":{"line":358,"column":56}},{"start":{"line":358,"column":56},"end":{"line":358,"column":null}}],"line":358},"1":{"loc":{"start":{"line":358,"column":2},"end":{"line":358,"column":47}},"type":"binary-expr","locations":[{"start":{"line":358,"column":2},"end":{"line":358,"column":31}},{"start":{"line":358,"column":31},"end":{"line":358,"column":47}}],"line":358},"2":{"loc":{"start":{"line":361,"column":12},"end":{"line":361,"column":37}},"type":"binary-expr","locations":[{"start":{"line":361,"column":12},"end":{"line":361,"column":33}},{"start":{"line":361,"column":33},"end":{"line":361,"column":37}}],"line":361},"3":{"loc":{"start":{"line":372,"column":2},"end":{"line":372,"column":null}},"type":"binary-expr","locations":[{"start":{"line":372,"column":2},"end":{"line":372,"column":54}},{"start":{"line":372,"column":58},"end":{"line":372,"column":null}}],"line":372},"4":{"loc":{"start":{"line":377,"column":2},"end":{"line":377,"column":null}},"type":"if","locations":[{"start":{"line":377,"column":2},"end":{"line":377,"column":null}},{"start":{},"end":{}}],"line":377},"5":{"loc":{"start":{"line":379,"column":9},"end":{"line":379,"column":98}},"type":"binary-expr","locations":[{"start":{"line":379,"column":9},"end":{"line":379,"column":41}},{"start":{"line":379,"column":45},"end":{"line":379,"column":63}},{"start":{"line":379,"column":67},"end":{"line":379,"column":98}}],"line":379},"6":{"loc":{"start":{"line":385,"column":2},"end":{"line":387,"column":null}},"type":"if","locations":[{"start":{"line":385,"column":2},"end":{"line":387,"column":null}},{"start":{},"end":{}}],"line":385},"7":{"loc":{"start":{"line":399,"column":2},"end":{"line":406,"column":null}},"type":"if","locations":[{"start":{"line":399,"column":2},"end":{"line":406,"column":null}},{"start":{},"end":{}}],"line":399},"8":{"loc":{"start":{"line":400,"column":4},"end":{"line":404,"column":46}},"type":"binary-expr","locations":[{"start":{"line":400,"column":4},"end":{"line":400,"column":null}},{"start":{"line":401,"column":4},"end":{"line":401,"column":null}},{"start":{"line":402,"column":4},"end":{"line":402,"column":null}},{"start":{"line":403,"column":4},"end":{"line":403,"column":49}},{"start":{"line":404,"column":4},"end":{"line":404,"column":46}}],"line":400},"9":{"loc":{"start":{"line":13,"column":12},"end":{"line":22,"column":278}},"type":"cond-expr","locations":[{"start":{"line":13,"column":16},"end":{"line":22,"column":278}}],"line":13},"10":{"loc":{"start":{"line":22,"column":243},"end":{"line":22,"column":278}},"type":"binary-expr","locations":[{"start":{"line":22,"column":243},"end":{"line":22,"column":253}},{"start":{"line":22,"column":243},"end":{"line":22,"column":278}}],"line":22},"11":{"loc":{"start":{"line":26,"column":15},"end":{"line":49,"column":99}},"type":"cond-expr","locations":[{"start":{"line":26,"column":15},"end":{"line":49,"column":99}}],"line":26},"12":{"loc":{"start":{"line":36,"column":12},"end":{"line":29,"column":null}},"type":"binary-expr","locations":[{"start":{"line":36,"column":12},"end":{"line":36,"column":null}},{"start":{"line":36,"column":12},"end":{"line":29,"column":null}}],"line":36},"13":{"loc":{"start":{"line":31,"column":19},"end":{"line":31,"column":null}},"type":"binary-expr","locations":[{"start":{"line":31,"column":19},"end":{"line":31,"column":32}},{"start":{"line":31,"column":19},"end":{"line":31,"column":null}}],"line":31},"14":{"loc":{"start":{"line":34,"column":18},"end":{"line":34,"column":null}},"type":"binary-expr","locations":[{"start":{"line":34,"column":18},"end":{"line":34,"column":27}},{"start":{"line":34,"column":18},"end":{"line":34,"column":null}}],"line":34},"15":{"loc":{"start":{"line":49,"column":18},"end":{"line":49,"column":99}},"type":"cond-expr","locations":[{"start":{"line":49,"column":42},"end":{"line":49,"column":94}},{"start":{"line":49,"column":94},"end":{"line":49,"column":99}}],"line":49},"16":{"loc":{"start":{"line":59,"column":19},"end":{"line":59,"column":null}},"type":"binary-expr","locations":[{"start":{"line":59,"column":19},"end":{"line":59,"column":32}},{"start":{"line":59,"column":32},"end":{"line":59,"column":null}}],"line":59},"17":{"loc":{"start":{"line":60,"column":21},"end":{"line":60,"column":null}},"type":"binary-expr","locations":[{"start":{"line":60,"column":21},"end":{"line":60,"column":30}},{"start":{"line":60,"column":30},"end":{"line":60,"column":null}}],"line":60},"18":{"loc":{"start":{"line":61,"column":25},"end":{"line":61,"column":null}},"type":"cond-expr","locations":[{"start":{"line":61,"column":45},"end":{"line":61,"column":55}},{"start":{"line":61,"column":55},"end":{"line":61,"column":null}}],"line":61},"19":{"loc":{"start":{"line":61,"column":25},"end":{"line":61,"column":45}},"type":"binary-expr","locations":[{"start":{"line":61,"column":25},"end":{"line":61,"column":34}},{"start":{"line":61,"column":34},"end":{"line":61,"column":45}}],"line":61},"20":{"loc":{"start":{"line":63,"column":12},"end":{"line":63,"column":null}},"type":"binary-expr","locations":[{"start":{"line":63,"column":12},"end":{"line":63,"column":14}},{"start":{"line":63,"column":12},"end":{"line":63,"column":82}}],"line":63},"21":{"loc":{"start":{"line":64,"column":12},"end":{"line":64,"column":null}},"type":"binary-expr","locations":[{"start":{"line":64,"column":12},"end":{"line":64,"column":14}},{"start":{"line":64,"column":12},"end":{"line":64,"column":null}}],"line":64},"22":{"loc":{"start":{"line":65,"column":11},"end":{"line":65,"column":null}},"type":"binary-expr","locations":[{"start":{"line":65,"column":11},"end":{"line":65,"column":13}},{"start":{"line":65,"column":11},"end":{"line":65,"column":null}}],"line":65},"23":{"loc":{"start":{"line":68,"column":12},"end":{"line":76,"column":388}},"type":"cond-expr","locations":[{"start":{"line":68,"column":16},"end":{"line":76,"column":388}}],"line":68},"24":{"loc":{"start":{"line":70,"column":19},"end":{"line":70,"column":null}},"type":"cond-expr","locations":[{"start":{"line":70,"column":26},"end":{"line":70,"column":null}},{"start":{"line":70,"column":26},"end":{"line":70,"column":null}}],"line":70},"25":{"loc":{"start":{"line":71,"column":12},"end":{"line":71,"column":null}},"type":"binary-expr","locations":[{"start":{"line":71,"column":12},"end":{"line":71,"column":14}},{"start":{"line":71,"column":12},"end":{"line":71,"column":null}}],"line":71},"26":{"loc":{"start":{"line":75,"column":18},"end":{"line":76,"column":388}},"type":"cond-expr","locations":[{"start":{"line":75,"column":18},"end":{"line":76,"column":18}},{"start":{"line":76,"column":6},"end":{"line":76,"column":388}}],"line":75},"27":{"loc":{"start":{"line":75,"column":261},"end":{"line":76,"column":18}},"type":"binary-expr","locations":[{"start":{"line":75,"column":261},"end":{"line":75,"column":null}},{"start":{"line":75,"column":261},"end":{"line":76,"column":18}}],"line":75},"28":{"loc":{"start":{"line":76,"column":394},"end":{"line":76,"column":388}},"type":"binary-expr","locations":[{"start":{"line":76,"column":394},"end":{"line":76,"column":null}},{"start":{"line":76,"column":394},"end":{"line":76,"column":388}}],"line":76},"29":{"loc":{"start":{"line":78,"column":16},"end":{"line":79,"column":null}},"type":"cond-expr","locations":[{"start":{"line":78,"column":25},"end":{"line":79,"column":null}},{"start":{"line":79,"column":17},"end":{"line":79,"column":null}}],"line":78},"30":{"loc":{"start":{"line":78,"column":16},"end":{"line":78,"column":36}},"type":"binary-expr","locations":[{"start":{"line":78,"column":16},"end":{"line":78,"column":25}},{"start":{"line":78,"column":25},"end":{"line":78,"column":36}}],"line":78}},"s":{"0":44,"1":44,"2":44,"3":44,"4":44,"5":44,"6":46,"7":44,"8":6,"9":44,"10":44,"11":44,"12":44,"13":44,"14":44,"15":4645,"16":44,"17":7,"18":7,"19":1,"20":6,"21":1410,"22":1,"23":1,"24":1,"25":1,"26":1,"27":1,"28":1,"29":1,"30":33,"31":0,"32":44,"33":44,"34":44,"35":38,"36":2,"37":2,"38":2,"39":2,"40":2,"41":2,"42":2,"43":54,"44":6,"45":0,"46":334,"47":1,"48":16,"49":1,"50":1,"51":2},"f":{"0":46,"1":6,"2":4645,"3":7,"4":1410,"5":1,"6":1,"7":1,"8":33,"9":44,"10":38,"11":6,"12":0,"13":334,"14":1,"15":16,"16":1,"17":1,"18":2},"b":{"0":[1,45],"1":[46,13],"2":[6,1],"3":[44,0],"4":[1,6],"5":[1410,1311,1311],"6":[1,0],"7":[0,33],"8":[33,2,2,2,0],"9":[18],"10":[18,10],"11":[7],"12":[7,1],"13":[7,1],"14":[7,1],"15":[0,7],"16":[54,54],"17":[54,47],"18":[6,48],"19":[54,7],"20":[54,44],"21":[54,44],"22":[54,44],"23":[13],"24":[1,12],"25":[13,11],"26":[12,1],"27":[12,11],"28":[1,1],"29":[6,48],"30":[54,7]},"meta":{"lastBranch":31,"lastFunction":19,"lastStatement":52,"seen":{"s:94:29:330:Infinity":0,"s:332:14:332:Infinity":1,"s:350:13:350:Infinity":2,"s:355:16:355:25":3,"s:356:18:356:27":4,"s:357:21:358:Infinity":5,"f:357:21:357:Infinity":0,"s:358:2:358:Infinity":6,"b:358:47:358:56:358:56:358:Infinity":0,"b:358:2:358:31:358:31:358:47":1,"s:360:16:361:Infinity":7,"f:360:16:360:Infinity":1,"s:361:2:361:54":8,"b:361:12:361:33:361:33:361:37":2,"s:365:21:365:30":9,"s:366:22:366:28":10,"s:367:18:367:51":11,"s:368:20:368:48":12,"s:369:18:369:46":13,"s:371:24:372:Infinity":14,"b:372:2:372:54:372:58:372:Infinity":3,"f:372:12:372:17":2,"s:372:22:372:54":15,"s:375:26:381:Infinity":16,"f:375:26:375:41":3,"s:376:12:376:51":17,"b:377:2:377:Infinity:undefined:undefined:undefined:undefined":4,"s:377:2:377:Infinity":18,"s:377:10:377:Infinity":19,"s:378:2:380:Infinity":20,"f:378:19:378:Infinity":4,"s:379:9:379:98":21,"b:379:9:379:41:379:45:379:63:379:67:379:98":5,"f:383:9:383:26":5,"s:384:2:384:Infinity":22,"b:385:2:387:Infinity:undefined:undefined:undefined:undefined":6,"s:385:2:387:Infinity":23,"s:386:4:386:Infinity":24,"s:387:4:387:Infinity":25,"f:387:4:387:19":6,"s:387:19:387:43":26,"f:391:9:391:23":7,"s:392:2:392:Infinity":27,"s:393:2:393:Infinity":28,"s:394:2:394:Infinity":29,"f:398:9:398:28":8,"b:399:2:406:Infinity:undefined:undefined:undefined:undefined":7,"s:399:2:406:Infinity":30,"b:400:4:400:Infinity:401:4:401:Infinity:402:4:402:Infinity:403:4:403:49:404:4:404:46":8,"s:406:4:406:Infinity":31,"s:410:0:410:Infinity":32,"f:410:0:410:16":9,"s:410:16:410:74":33,"s:411:0:411:Infinity":34,"f:411:0:411:18":10,"s:411:18:411:79":35,"s:20:12:20:39":36,"s:21:12:21:39":37,"s:27:11:27:45":38,"s:37:10:37:42":39,"s:45:16:45:48":40,"s:46:16:46:48":41,"s:47:16:47:48":42,"s:2:2:79:Infinity":43,"b:13:16:22:278":9,"b:22:243:22:253:22:243:22:278":10,"b:26:15:49:99":11,"b:36:12:36:Infinity:36:12:29:Infinity":12,"b:31:19:31:32:31:19:31:Infinity":13,"f:31:19:31:32":11,"s:31:19:31:Infinity":44,"b:34:18:34:27:34:18:34:Infinity":14,"f:34:18:34:27":12,"s:34:27:34:Infinity":45,"f:39:22:39:Infinity":13,"s:38:8:47:68":46,"f:43:11:43:16":14,"s:43:18:43:Infinity":47,"b:49:42:49:94:49:94:49:99":15,"b:59:19:59:32:59:32:59:Infinity":16,"b:60:21:60:30:60:30:60:Infinity":17,"b:61:45:61:55:61:55:61:Infinity":18,"b:61:25:61:34:61:34:61:45":19,"b:63:12:63:14:63:12:63:82":20,"f:63:12:63:14":15,"s:63:14:63:82":48,"b:64:12:64:14:64:12:64:Infinity":21,"f:64:12:64:14":16,"s:64:14:64:Infinity":49,"b:65:11:65:13:65:11:65:Infinity":22,"f:65:11:65:13":17,"s:65:13:65:Infinity":50,"b:68:16:76:388":23,"b:70:26:70:Infinity:70:26:70:Infinity":24,"b:71:12:71:14:71:12:71:Infinity":25,"f:71:12:71:14":18,"s:71:14:71:Infinity":51,"b:75:18:76:18:76:6:76:388":26,"b:75:261:75:Infinity:75:261:76:18":27,"b:76:394:76:Infinity:76:394:76:388":28,"b:78:25:79:Infinity:79:17:79:Infinity":29,"b:78:16:78:25:78:25:78:36":30}}}
,"/sessions/busy-trusting-lamport/mnt/storybook-repo/src/components/AppNavTabs/AppNavTabs.vue": {"path":"/sessions/busy-trusting-lamport/mnt/storybook-repo/src/components/AppNavTabs/AppNavTabs.vue","statementMap":{"0":{"start":{"line":2,"column":2},"end":{"line":11,"column":null}},"1":{"start":{"line":3,"column":4},"end":{"line":11,"column":null}},"2":{"start":{"line":9,"column":14},"end":{"line":9,"column":null}}},"fnMap":{"0":{"name":"(anonymous_0)","decl":{"start":{"line":4,"column":20},"end":{"line":4,"column":null}},"loc":{"start":{"line":4,"column":16},"end":{"line":11,"column":null}},"line":4},"1":{"name":"(anonymous_1)","decl":{"start":{"line":9,"column":7},"end":{"line":9,"column":12}},"loc":{"start":{"line":9,"column":14},"end":{"line":9,"column":null}},"line":9}},"branchMap":{"0":{"loc":{"start":{"line":8,"column":21},"end":{"line":8,"column":null}},"type":"cond-expr","locations":[{"start":{"line":8,"column":42},"end":{"line":8,"column":54}},{"start":{"line":8,"column":54},"end":{"line":8,"column":null}}],"line":8}},"s":{"0":12,"1":60,"2":2},"f":{"0":60,"1":2},"b":{"0":[12,48]},"meta":{"lastBranch":0,"lastFunction":0,"lastStatement":0,"seen":{}}}
,"/sessions/busy-trusting-lamport/mnt/storybook-repo/src/components/AppSelect/AppSelect.vue": {"path":"/sessions/busy-trusting-lamport/mnt/storybook-repo/src/components/AppSelect/AppSelect.vue","statementMap":{"0":{"start":{"line":2,"column":7},"end":{"line":2,"column":33}},"1":{"start":{"line":2,"column":2},"end":{"line":33,"column":78}},"2":{"start":{"line":5,"column":14},"end":{"line":5,"column":83}},"3":{"start":{"line":13,"column":6},"end":{"line":14,"column":null}}},"fnMap":{"0":{"name":"(anonymous_0)","decl":{"start":{"line":5,"column":12},"end":{"line":5,"column":14}},"loc":{"start":{"line":5,"column":14},"end":{"line":5,"column":83}},"line":5},"1":{"name":"(anonymous_1)","decl":{"start":{"line":13,"column":28},"end":{"line":13,"column":38}},"loc":{"start":{"line":13,"column":24},"end":{"line":14,"column":null}},"line":13}},"branchMap":{"0":{"loc":{"start":{"line":5,"column":12},"end":{"line":5,"column":null}},"type":"binary-expr","locations":[{"start":{"line":5,"column":12},"end":{"line":5,"column":14}},{"start":{"line":5,"column":12},"end":{"line":5,"column":83}}],"line":5},"1":{"loc":{"start":{"line":17,"column":4},"end":{"line":30,"column":null}},"type":"binary-expr","locations":[{"start":{"line":17,"column":4},"end":{"line":17,"column":null}},{"start":{"line":17,"column":4},"end":{"line":30,"column":null}}],"line":17},"2":{"loc":{"start":{"line":33,"column":16},"end":{"line":33,"column":78}},"type":"cond-expr","locations":[{"start":{"line":33,"column":25},"end":{"line":33,"column":78}},{"start":{"line":33,"column":68},"end":{"line":33,"column":78}}],"line":33},"3":{"loc":{"start":{"line":33,"column":16},"end":{"line":33,"column":35}},"type":"binary-expr","locations":[{"start":{"line":33,"column":16},"end":{"line":33,"column":25}},{"start":{"line":33,"column":25},"end":{"line":33,"column":35}}],"line":33}},"s":{"0":2,"1":12,"2":1,"3":192},"f":{"0":1,"1":192},"b":{"0":[12,12],"1":[12,12],"2":[3,9],"3":[12,4]},"meta":{"lastBranch":0,"lastFunction":0,"lastStatement":0,"seen":{}}}
,"/sessions/busy-trusting-lamport/mnt/storybook-repo/src/components/AppShell/AppShell.vue": {"path":"/sessions/busy-trusting-lamport/mnt/storybook-repo/src/components/AppShell/AppShell.vue","statementMap":{"0":{"start":{"line":76,"column":14},"end":{"line":76,"column":null}},"1":{"start":{"line":43,"column":11},"end":{"line":43,"column":31}},"2":{"start":{"line":2,"column":2},"end":{"line":59,"column":null}},"3":{"start":{"line":13,"column":13},"end":{"line":13,"column":null}},"4":{"start":{"line":14,"column":15},"end":{"line":14,"column":null}},"5":{"start":{"line":15,"column":22},"end":{"line":15,"column":null}},"6":{"start":{"line":24,"column":10},"end":{"line":23,"column":null}},"7":{"start":{"line":23,"column":31},"end":{"line":23,"column":63}},"8":{"start":{"line":37,"column":13},"end":{"line":37,"column":null}},"9":{"start":{"line":38,"column":15},"end":{"line":38,"column":null}}},"fnMap":{"0":{"name":"(anonymous_0)","decl":{"start":{"line":13,"column":11},"end":{"line":13,"column":13}},"loc":{"start":{"line":13,"column":13},"end":{"line":13,"column":null}},"line":13},"1":{"name":"(anonymous_1)","decl":{"start":{"line":14,"column":13},"end":{"line":14,"column":15}},"loc":{"start":{"line":14,"column":15},"end":{"line":14,"column":null}},"line":14},"2":{"name":"(anonymous_2)","decl":{"start":{"line":15,"column":20},"end":{"line":15,"column":22}},"loc":{"start":{"line":15,"column":22},"end":{"line":15,"column":null}},"line":15},"3":{"name":"(anonymous_3)","decl":{"start":{"line":17,"column":20},"end":{"line":17,"column":null}},"loc":{"start":{"line":24,"column":10},"end":{"line":23,"column":null}},"line":24},"4":{"name":"(anonymous_4)","decl":{"start":{"line":23,"column":29},"end":{"line":23,"column":31}},"loc":{"start":{"line":23,"column":31},"end":{"line":23,"column":63}},"line":23},"5":{"name":"(anonymous_5)","decl":{"start":{"line":37,"column":11},"end":{"line":37,"column":13}},"loc":{"start":{"line":37,"column":13},"end":{"line":37,"column":null}},"line":37},"6":{"name":"(anonymous_6)","decl":{"start":{"line":38,"column":13},"end":{"line":38,"column":15}},"loc":{"start":{"line":38,"column":15},"end":{"line":38,"column":null}},"line":38}},"branchMap":{"0":{"loc":{"start":{"line":6,"column":12},"end":{"line":38,"column":null}},"type":"cond-expr","locations":[{"start":{"line":6,"column":19},"end":{"line":30,"column":24}},{"start":{"line":30,"column":17},"end":{"line":38,"column":null}}],"line":6},"1":{"loc":{"start":{"line":13,"column":11},"end":{"line":13,"column":null}},"type":"binary-expr","locations":[{"start":{"line":13,"column":11},"end":{"line":13,"column":13}},{"start":{"line":13,"column":11},"end":{"line":13,"column":null}}],"line":13},"2":{"loc":{"start":{"line":14,"column":13},"end":{"line":14,"column":null}},"type":"binary-expr","locations":[{"start":{"line":14,"column":13},"end":{"line":14,"column":15}},{"start":{"line":14,"column":13},"end":{"line":14,"column":null}}],"line":14},"3":{"loc":{"start":{"line":15,"column":20},"end":{"line":15,"column":null}},"type":"binary-expr","locations":[{"start":{"line":15,"column":20},"end":{"line":15,"column":22}},{"start":{"line":15,"column":20},"end":{"line":15,"column":null}}],"line":15},"4":{"loc":{"start":{"line":19,"column":16},"end":{"line":23,"column":null}},"type":"cond-expr","locations":[{"start":{"line":19,"column":24},"end":{"line":23,"column":null}}],"line":19},"5":{"loc":{"start":{"line":23,"column":29},"end":{"line":23,"column":null}},"type":"binary-expr","locations":[{"start":{"line":23,"column":29},"end":{"line":23,"column":31}},{"start":{"line":23,"column":29},"end":{"line":23,"column":63}}],"line":23},"6":{"loc":{"start":{"line":30,"column":17},"end":{"line":38,"column":null}},"type":"cond-expr","locations":[{"start":{"line":30,"column":24},"end":{"line":38,"column":null}}],"line":30},"7":{"loc":{"start":{"line":37,"column":11},"end":{"line":37,"column":null}},"type":"binary-expr","locations":[{"start":{"line":37,"column":11},"end":{"line":37,"column":13}},{"start":{"line":37,"column":11},"end":{"line":37,"column":null}}],"line":37},"8":{"loc":{"start":{"line":38,"column":13},"end":{"line":38,"column":null}},"type":"binary-expr","locations":[{"start":{"line":38,"column":13},"end":{"line":38,"column":15}},{"start":{"line":38,"column":13},"end":{"line":38,"column":null}}],"line":38},"9":{"loc":{"start":{"line":50,"column":12},"end":{"line":52,"column":null}},"type":"cond-expr","locations":[{"start":{"line":50,"column":19},"end":{"line":52,"column":null}}],"line":50},"10":{"loc":{"start":{"line":57,"column":12},"end":{"line":59,"column":null}},"type":"cond-expr","locations":[{"start":{"line":57,"column":19},"end":{"line":59,"column":null}}],"line":57}},"s":{"0":23,"1":6,"2":24,"3":1,"4":1,"5":1,"6":7,"7":1,"8":1,"9":1},"f":{"0":1,"1":1,"2":1,"3":7,"4":1,"5":1,"6":1},"b":{"0":[7,17],"1":[7,6],"2":[7,6],"3":[7,6],"4":[7],"5":[7,6],"6":[17],"7":[17,17],"8":[17,17],"9":[7],"10":[7]},"meta":{"lastBranch":0,"lastFunction":0,"lastStatement":0,"seen":{}}}
,"/sessions/busy-trusting-lamport/mnt/storybook-repo/src/components/AppTabs/AppTabs.vue": {"path":"/sessions/busy-trusting-lamport/mnt/storybook-repo/src/components/AppTabs/AppTabs.vue","statementMap":{"0":{"start":{"line":28,"column":14},"end":{"line":28,"column":null}},"1":{"start":{"line":2,"column":2},"end":{"line":16,"column":null}},"2":{"start":{"line":3,"column":4},"end":{"line":16,"column":null}},"3":{"start":{"line":15,"column":12},"end":{"line":15,"column":null}}},"fnMap":{"0":{"name":"(anonymous_0)","decl":{"start":{"line":4,"column":20},"end":{"line":4,"column":null}},"loc":{"start":{"line":4,"column":16},"end":{"line":16,"column":null}},"line":4},"1":{"name":"(anonymous_1)","decl":{"start":{"line":15,"column":7},"end":{"line":15,"column":12}},"loc":{"start":{"line":15,"column":12},"end":{"line":15,"column":null}},"line":15}},"branchMap":{"0":{"loc":{"start":{"line":7,"column":14},"end":{"line":7,"column":null}},"type":"cond-expr","locations":[{"start":{"line":7,"column":45},"end":{"line":7,"column":104}},{"start":{"line":7,"column":104},"end":{"line":7,"column":null}}],"line":7},"1":{"loc":{"start":{"line":7,"column":14},"end":{"line":7,"column":93}},"type":"binary-expr","locations":[{"start":{"line":7,"column":14},"end":{"line":7,"column":38}},{"start":{"line":7,"column":38},"end":{"line":7,"column":93}}],"line":7},"2":{"loc":{"start":{"line":15,"column":12},"end":{"line":15,"column":null}},"type":"binary-expr","locations":[{"start":{"line":15,"column":12},"end":{"line":15,"column":31}},{"start":{"line":15,"column":31},"end":{"line":15,"column":null}}],"line":15}},"s":{"0":17,"1":19,"2":46,"3":3},"f":{"0":46,"1":3},"b":{"0":[8,38],"1":[46,19],"2":[3,2]},"meta":{"lastBranch":3,"lastFunction":2,"lastStatement":4,"seen":{"s:28:14:28:Infinity":0,"s:2:2:16:Infinity":1,"f:4:20:4:Infinity":0,"s:3:4:16:Infinity":2,"b:7:45:7:104:7:104:7:Infinity":0,"b:7:14:7:38:7:38:7:93":1,"f:15:7:15:12":1,"s:15:12:15:Infinity":3,"b:15:12:15:31:15:31:15:Infinity":2}}}
,"/sessions/busy-trusting-lamport/mnt/storybook-repo/src/components/AthleteProfile/AthleteProfile.vue": {"path":"/sessions/busy-trusting-lamport/mnt/storybook-repo/src/components/AthleteProfile/AthleteProfile.vue","statementMap":{"0":{"start":{"line":127,"column":14},"end":{"line":127,"column":null}},"1":{"start":{"line":155,"column":18},"end":{"line":155,"column":null}},"2":{"start":{"line":155,"column":33},"end":{"line":155,"column":75}},"3":{"start":{"line":156,"column":18},"end":{"line":156,"column":57}},"4":{"start":{"line":156,"column":33},"end":{"line":156,"column":57}},"5":{"start":{"line":157,"column":17},"end":{"line":157,"column":null}},"6":{"start":{"line":157,"column":32},"end":{"line":157,"column":66}},"7":{"start":{"line":160,"column":18},"end":{"line":160,"column":50}},"8":{"start":{"line":160,"column":33},"end":{"line":160,"column":50}},"9":{"start":{"line":162,"column":36},"end":{"line":166,"column":null}},"10":{"start":{"line":167,"column":36},"end":{"line":171,"column":null}},"11":{"start":{"line":172,"column":32},"end":{"line":177,"column":null}},"12":{"start":{"line":16,"column":9},"end":{"line":16,"column":30}},"13":{"start":{"line":17,"column":11},"end":{"line":17,"column":32}},"14":{"start":{"line":27,"column":13},"end":{"line":27,"column":29}},"15":{"start":{"line":29,"column":15},"end":{"line":29,"column":35}},"16":{"start":{"line":32,"column":15},"end":{"line":32,"column":31}},"17":{"start":{"line":40,"column":17},"end":{"line":40,"column":38}},"18":{"start":{"line":43,"column":22},"end":{"line":43,"column":51}},"19":{"start":{"line":54,"column":9},"end":{"line":54,"column":30}},"20":{"start":{"line":56,"column":13},"end":{"line":56,"column":35}},"21":{"start":{"line":59,"column":13},"end":{"line":59,"column":35}},"22":{"start":{"line":64,"column":9},"end":{"line":64,"column":48}},"23":{"start":{"line":66,"column":13},"end":{"line":66,"column":35}},"24":{"start":{"line":69,"column":13},"end":{"line":69,"column":35}},"25":{"start":{"line":74,"column":9},"end":{"line":74,"column":31}},"26":{"start":{"line":79,"column":11},"end":{"line":79,"column":38}},"27":{"start":{"line":90,"column":11},"end":{"line":90,"column":35}},"28":{"start":{"line":101,"column":9},"end":{"line":101,"column":27}},"29":{"start":{"line":105,"column":11},"end":{"line":105,"column":32}},"30":{"start":{"line":107,"column":15},"end":{"line":107,"column":37}},"31":{"start":{"line":108,"column":15},"end":{"line":108,"column":37}},"32":{"start":{"line":2,"column":2},"end":{"line":108,"column":60}},"33":{"start":{"line":6,"column":43},"end":{"line":6,"column":58}},"34":{"start":{"line":10,"column":44},"end":{"line":10,"column":60}},"35":{"start":{"line":38,"column":47},"end":{"line":38,"column":67}},"36":{"start":{"line":55,"column":6},"end":{"line":59,"column":58}},"37":{"start":{"line":57,"column":10},"end":{"line":57,"column":72}},"38":{"start":{"line":65,"column":6},"end":{"line":69,"column":58}},"39":{"start":{"line":67,"column":10},"end":{"line":67,"column":72}},"40":{"start":{"line":91,"column":44},"end":{"line":91,"column":73}},"41":{"start":{"line":106,"column":8},"end":{"line":108,"column":60}}},"fnMap":{"0":{"name":"(anonymous_0)","decl":{"start":{"line":155,"column":18},"end":{"line":155,"column":33}},"loc":{"start":{"line":155,"column":33},"end":{"line":155,"column":75}},"line":155},"1":{"name":"(anonymous_1)","decl":{"start":{"line":156,"column":18},"end":{"line":156,"column":33}},"loc":{"start":{"line":156,"column":33},"end":{"line":156,"column":57}},"line":156},"2":{"name":"(anonymous_2)","decl":{"start":{"line":157,"column":17},"end":{"line":157,"column":32}},"loc":{"start":{"line":157,"column":32},"end":{"line":157,"column":66}},"line":157},"3":{"name":"(anonymous_3)","decl":{"start":{"line":160,"column":18},"end":{"line":160,"column":33}},"loc":{"start":{"line":160,"column":33},"end":{"line":160,"column":50}},"line":160},"4":{"name":"(anonymous_4)","decl":{"start":{"line":6,"column":41},"end":{"line":6,"column":43}},"loc":{"start":{"line":6,"column":43},"end":{"line":6,"column":58}},"line":6},"5":{"name":"(anonymous_5)","decl":{"start":{"line":10,"column":42},"end":{"line":10,"column":44}},"loc":{"start":{"line":10,"column":44},"end":{"line":10,"column":60}},"line":10},"6":{"name":"(anonymous_6)","decl":{"start":{"line":38,"column":45},"end":{"line":38,"column":47}},"loc":{"start":{"line":38,"column":47},"end":{"line":38,"column":67}},"line":38},"7":{"name":"(anonymous_7)","decl":{"start":{"line":55,"column":26},"end":{"line":55,"column":44}},"loc":{"start":{"line":55,"column":22},"end":{"line":59,"column":58}},"line":55},"8":{"name":"(anonymous_8)","decl":{"start":{"line":57,"column":40},"end":{"line":57,"column":48}},"loc":{"start":{"line":57,"column":30},"end":{"line":57,"column":72}},"line":57},"9":{"name":"(anonymous_9)","decl":{"start":{"line":65,"column":26},"end":{"line":65,"column":44}},"loc":{"start":{"line":65,"column":22},"end":{"line":69,"column":58}},"line":65},"10":{"name":"(anonymous_10)","decl":{"start":{"line":67,"column":40},"end":{"line":67,"column":48}},"loc":{"start":{"line":67,"column":30},"end":{"line":67,"column":72}},"line":67},"11":{"name":"(anonymous_11)","decl":{"start":{"line":91,"column":42},"end":{"line":91,"column":44}},"loc":{"start":{"line":91,"column":44},"end":{"line":91,"column":73}},"line":91},"12":{"name":"(anonymous_12)","decl":{"start":{"line":106,"column":28},"end":{"line":106,"column":42}},"loc":{"start":{"line":106,"column":24},"end":{"line":108,"column":60}},"line":106}},"branchMap":{"0":{"loc":{"start":{"line":156,"column":33},"end":{"line":156,"column":57}},"type":"binary-expr","locations":[{"start":{"line":156,"column":33},"end":{"line":156,"column":55}},{"start":{"line":156,"column":55},"end":{"line":156,"column":57}}],"line":156},"1":{"loc":{"start":{"line":2,"column":26},"end":{"line":2,"column":null}},"type":"cond-expr","locations":[{"start":{"line":2,"column":31},"end":{"line":2,"column":null}},{"start":{"line":2,"column":48},"end":{"line":2,"column":null}}],"line":2},"2":{"loc":{"start":{"line":5,"column":15},"end":{"line":11,"column":52}},"type":"cond-expr","locations":[{"start":{"line":5,"column":15},"end":{"line":11,"column":52}}],"line":5},"3":{"loc":{"start":{"line":6,"column":41},"end":{"line":6,"column":58}},"type":"binary-expr","locations":[{"start":{"line":6,"column":41},"end":{"line":6,"column":43}},{"start":{"line":6,"column":41},"end":{"line":6,"column":58}}],"line":6},"4":{"loc":{"start":{"line":8,"column":8},"end":{"line":8,"column":48}},"type":"binary-expr","locations":[{"start":{"line":8,"column":8},"end":{"line":8,"column":14}},{"start":{"line":8,"column":8},"end":{"line":8,"column":48}}],"line":8},"5":{"loc":{"start":{"line":10,"column":42},"end":{"line":10,"column":60}},"type":"binary-expr","locations":[{"start":{"line":10,"column":42},"end":{"line":10,"column":44}},{"start":{"line":10,"column":42},"end":{"line":10,"column":60}}],"line":10},"6":{"loc":{"start":{"line":20,"column":21},"end":{"line":22,"column":58}},"type":"cond-expr","locations":[{"start":{"line":20,"column":21},"end":{"line":21,"column":22}},{"start":{"line":21,"column":10},"end":{"line":22,"column":58}}],"line":20},"7":{"loc":{"start":{"line":34,"column":23},"end":{"line":34,"column":53}},"type":"cond-expr","locations":[{"start":{"line":34,"column":23},"end":{"line":34,"column":53}},{"start":{"line":34,"column":44},"end":{"line":34,"column":53}}],"line":34},"8":{"loc":{"start":{"line":38,"column":45},"end":{"line":38,"column":67}},"type":"binary-expr","locations":[{"start":{"line":38,"column":45},"end":{"line":38,"column":47}},{"start":{"line":38,"column":45},"end":{"line":38,"column":67}}],"line":38},"9":{"loc":{"start":{"line":41,"column":25},"end":{"line":43,"column":83}},"type":"cond-expr","locations":[{"start":{"line":41,"column":25},"end":{"line":42,"column":26}},{"start":{"line":42,"column":14},"end":{"line":43,"column":83}}],"line":41},"10":{"loc":{"start":{"line":75,"column":6},"end":{"line":76,"column":91}},"type":"binary-expr","locations":[{"start":{"line":75,"column":6},"end":{"line":75,"column":11}},{"start":{"line":75,"column":6},"end":{"line":76,"column":91}}],"line":75},"11":{"loc":{"start":{"line":91,"column":42},"end":{"line":91,"column":73}},"type":"binary-expr","locations":[{"start":{"line":91,"column":42},"end":{"line":91,"column":44}},{"start":{"line":91,"column":42},"end":{"line":91,"column":73}}],"line":91},"12":{"loc":{"start":{"line":111,"column":10},"end":{"line":105,"column":11}},"type":"binary-expr","locations":[{"start":{"line":111,"column":10},"end":{"line":111,"column":null}},{"start":{"line":111,"column":10},"end":{"line":105,"column":11}}],"line":111}},"s":{"0":14,"1":14,"2":14,"3":14,"4":14,"5":14,"6":14,"7":14,"8":13,"9":14,"10":14,"11":14,"12":2,"13":2,"14":2,"15":2,"16":2,"17":2,"18":2,"19":2,"20":2,"21":2,"22":2,"23":2,"24":2,"25":2,"26":2,"27":2,"28":2,"29":2,"30":2,"31":2,"32":14,"33":1,"34":1,"35":1,"36":42,"37":84,"38":42,"39":84,"40":1,"41":56},"f":{"0":14,"1":14,"2":14,"3":13,"4":1,"5":1,"6":1,"7":42,"8":84,"9":42,"10":84,"11":1,"12":56},"b":{"0":[14,0],"1":[7,7],"2":[10],"3":[10,10],"4":[10,10],"5":[10,10],"6":[2,12],"7":[13,1],"8":[14,14],"9":[1,13],"10":[14,14],"11":[14,14],"12":[14,14]},"meta":{"lastBranch":13,"lastFunction":13,"lastStatement":42,"seen":{"s:127:14:127:Infinity":0,"s:155:18:155:Infinity":1,"f:155:18:155:33":0,"s:155:33:155:75":2,"s:156:18:156:57":3,"f:156:18:156:33":1,"s:156:33:156:57":4,"b:156:33:156:55:156:55:156:57":0,"s:157:17:157:Infinity":5,"f:157:17:157:32":2,"s:157:32:157:66":6,"s:160:18:160:50":7,"f:160:18:160:33":3,"s:160:33:160:50":8,"s:162:36:166:Infinity":9,"s:167:36:171:Infinity":10,"s:172:32:177:Infinity":11,"s:16:9:16:30":12,"s:17:11:17:32":13,"s:27:13:27:29":14,"s:29:15:29:35":15,"s:32:15:32:31":16,"s:40:17:40:38":17,"s:43:22:43:51":18,"s:54:9:54:30":19,"s:56:13:56:35":20,"s:59:13:59:35":21,"s:64:9:64:48":22,"s:66:13:66:35":23,"s:69:13:69:35":24,"s:74:9:74:31":25,"s:79:11:79:38":26,"s:90:11:90:35":27,"s:101:9:101:27":28,"s:105:11:105:32":29,"s:107:15:107:37":30,"s:108:15:108:37":31,"s:2:2:108:60":32,"b:2:31:2:Infinity:2:48:2:Infinity":1,"b:5:15:11:52":2,"b:6:41:6:43:6:41:6:58":3,"f:6:41:6:43":4,"s:6:43:6:58":33,"b:8:8:8:14:8:8:8:48":4,"b:10:42:10:44:10:42:10:60":5,"f:10:42:10:44":5,"s:10:44:10:60":34,"b:20:21:21:22:21:10:22:58":6,"b:34:23:34:53:34:44:34:53":7,"b:38:45:38:47:38:45:38:67":8,"f:38:45:38:47":6,"s:38:47:38:67":35,"b:41:25:42:26:42:14:43:83":9,"f:55:26:55:44":7,"s:55:6:59:58":36,"f:57:40:57:48":8,"s:57:10:57:72":37,"f:65:26:65:44":9,"s:65:6:69:58":38,"f:67:40:67:48":10,"s:67:10:67:72":39,"b:75:6:75:11:75:6:76:91":10,"b:91:42:91:44:91:42:91:73":11,"f:91:42:91:44":11,"s:91:44:91:73":40,"b:111:10:111:Infinity:111:10:105:11":12,"f:106:28:106:42":12,"s:106:8:108:60":41}}}
,"/sessions/busy-trusting-lamport/mnt/storybook-repo/src/components/AuthPage/AuthPage.vue": {"path":"/sessions/busy-trusting-lamport/mnt/storybook-repo/src/components/AuthPage/AuthPage.vue","statementMap":{"0":{"start":{"line":108,"column":14},"end":{"line":108,"column":null}},"1":{"start":{"line":123,"column":18},"end":{"line":123,"column":59}},"2":{"start":{"line":125,"column":19},"end":{"line":128,"column":2}},"3":{"start":{"line":125,"column":57},"end":{"line":128,"column":2}},"4":{"start":{"line":2,"column":7},"end":{"line":2,"column":24}},"5":{"start":{"line":3,"column":9},"end":{"line":3,"column":32}},"6":{"start":{"line":6,"column":11},"end":{"line":6,"column":35}},"7":{"start":{"line":15,"column":11},"end":{"line":15,"column":34}},"8":{"start":{"line":29,"column":15},"end":{"line":29,"column":40}},"9":{"start":{"line":57,"column":20},"end":{"line":57,"column":43}},"10":{"start":{"line":88,"column":13},"end":{"line":88,"column":43}},"11":{"start":{"line":2,"column":2},"end":{"line":92,"column":16}},"12":{"start":{"line":19,"column":26},"end":{"line":19,"column":null}},"13":{"start":{"line":28,"column":29},"end":{"line":28,"column":46}},"14":{"start":{"line":28,"column":53},"end":{"line":28,"column":65}},"15":{"start":{"line":30,"column":64},"end":{"line":30,"column":89}},"16":{"start":{"line":39,"column":46},"end":{"line":39,"column":null}},"17":{"start":{"line":42,"column":18},"end":{"line":44,"column":22}},"18":{"start":{"line":45,"column":46},"end":{"line":45,"column":null}},"19":{"start":{"line":51,"column":18},"end":{"line":53,"column":22}},"20":{"start":{"line":67,"column":29},"end":{"line":67,"column":53}},"21":{"start":{"line":67,"column":67},"end":{"line":67,"column":79}},"22":{"start":{"line":73,"column":46},"end":{"line":73,"column":null}},"23":{"start":{"line":76,"column":18},"end":{"line":78,"column":22}},"24":{"start":{"line":79,"column":46},"end":{"line":79,"column":null}},"25":{"start":{"line":85,"column":18},"end":{"line":87,"column":22}},"26":{"start":{"line":90,"column":88},"end":{"line":90,"column":110}}},"fnMap":{"0":{"name":"(anonymous_0)","decl":{"start":{"line":125,"column":44},"end":{"line":125,"column":47}},"loc":{"start":{"line":125,"column":57},"end":{"line":128,"column":2}},"line":125},"1":{"name":"(anonymous_1)","decl":{"start":{"line":19,"column":26},"end":{"line":19,"column":35}},"loc":{"start":{"line":19,"column":26},"end":{"line":19,"column":null}},"line":19},"2":{"name":"(anonymous_2)","decl":{"start":{"line":28,"column":27},"end":{"line":28,"column":29}},"loc":{"start":{"line":28,"column":29},"end":{"line":28,"column":46}},"line":28},"3":{"name":"(anonymous_3)","decl":{"start":{"line":28,"column":53},"end":{"line":28,"column":65}},"loc":{"start":{"line":28,"column":53},"end":{"line":28,"column":65}},"line":28},"4":{"name":"(anonymous_4)","decl":{"start":{"line":30,"column":54},"end":{"line":30,"column":64}},"loc":{"start":{"line":30,"column":64},"end":{"line":30,"column":89}},"line":30},"5":{"name":"(anonymous_5)","decl":{"start":{"line":39,"column":44},"end":{"line":39,"column":46}},"loc":{"start":{"line":39,"column":46},"end":{"line":39,"column":null}},"line":39},"6":{"name":"(anonymous_6)","decl":{"start":{"line":42,"column":18},"end":{"line":42,"column":null}},"loc":{"start":{"line":42,"column":18},"end":{"line":44,"column":22}},"line":42},"7":{"name":"(anonymous_7)","decl":{"start":{"line":45,"column":44},"end":{"line":45,"column":46}},"loc":{"start":{"line":45,"column":46},"end":{"line":45,"column":null}},"line":45},"8":{"name":"(anonymous_8)","decl":{"start":{"line":51,"column":18},"end":{"line":51,"column":null}},"loc":{"start":{"line":51,"column":18},"end":{"line":53,"column":22}},"line":51},"9":{"name":"(anonymous_9)","decl":{"start":{"line":67,"column":27},"end":{"line":67,"column":29}},"loc":{"start":{"line":67,"column":29},"end":{"line":67,"column":53}},"line":67},"10":{"name":"(anonymous_10)","decl":{"start":{"line":67,"column":67},"end":{"line":67,"column":79}},"loc":{"start":{"line":67,"column":67},"end":{"line":67,"column":79}},"line":67},"11":{"name":"(anonymous_11)","decl":{"start":{"line":73,"column":44},"end":{"line":73,"column":46}},"loc":{"start":{"line":73,"column":46},"end":{"line":73,"column":null}},"line":73},"12":{"name":"(anonymous_12)","decl":{"start":{"line":76,"column":18},"end":{"line":76,"column":null}},"loc":{"start":{"line":76,"column":18},"end":{"line":78,"column":22}},"line":76},"13":{"name":"(anonymous_13)","decl":{"start":{"line":79,"column":44},"end":{"line":79,"column":46}},"loc":{"start":{"line":79,"column":46},"end":{"line":79,"column":null}},"line":79},"14":{"name":"(anonymous_14)","decl":{"start":{"line":85,"column":18},"end":{"line":85,"column":null}},"loc":{"start":{"line":85,"column":18},"end":{"line":87,"column":22}},"line":85},"15":{"name":"(anonymous_15)","decl":{"start":{"line":90,"column":78},"end":{"line":90,"column":88}},"loc":{"start":{"line":90,"column":88},"end":{"line":90,"column":110}},"line":90}},"branchMap":{"0":{"loc":{"start":{"line":19,"column":26},"end":{"line":19,"column":null}},"type":"binary-expr","locations":[{"start":{"line":19,"column":26},"end":{"line":19,"column":35}},{"start":{"line":19,"column":26},"end":{"line":19,"column":null}}],"line":19},"1":{"loc":{"start":{"line":24,"column":19},"end":{"line":92,"column":16}},"type":"cond-expr","locations":[{"start":{"line":24,"column":28},"end":{"line":57,"column":20}},{"start":{"line":57,"column":8},"end":{"line":92,"column":16}}],"line":24},"2":{"loc":{"start":{"line":25,"column":10},"end":{"line":25,"column":53}},"type":"binary-expr","locations":[{"start":{"line":25,"column":10},"end":{"line":25,"column":14}},{"start":{"line":25,"column":10},"end":{"line":25,"column":53}}],"line":25},"3":{"loc":{"start":{"line":28,"column":27},"end":{"line":28,"column":46}},"type":"binary-expr","locations":[{"start":{"line":28,"column":27},"end":{"line":28,"column":29}},{"start":{"line":28,"column":27},"end":{"line":28,"column":46}}],"line":28},"4":{"loc":{"start":{"line":28,"column":53},"end":{"line":28,"column":65}},"type":"binary-expr","locations":[{"start":{"line":28,"column":53},"end":{"line":28,"column":65}},{"start":{"line":28,"column":53},"end":{"line":28,"column":65}}],"line":28},"5":{"loc":{"start":{"line":30,"column":54},"end":{"line":30,"column":89}},"type":"binary-expr","locations":[{"start":{"line":30,"column":54},"end":{"line":30,"column":64}},{"start":{"line":30,"column":54},"end":{"line":30,"column":89}}],"line":30},"6":{"loc":{"start":{"line":34,"column":10},"end":{"line":37,"column":47}},"type":"binary-expr","locations":[{"start":{"line":34,"column":10},"end":{"line":34,"column":15}},{"start":{"line":34,"column":10},"end":{"line":37,"column":47}}],"line":34},"7":{"loc":{"start":{"line":39,"column":44},"end":{"line":39,"column":null}},"type":"binary-expr","locations":[{"start":{"line":39,"column":44},"end":{"line":39,"column":46}},{"start":{"line":39,"column":44},"end":{"line":39,"column":null}}],"line":39},"8":{"loc":{"start":{"line":42,"column":18},"end":{"line":44,"column":22}},"type":"binary-expr","locations":[{"start":{"line":42,"column":18},"end":{"line":42,"column":null}},{"start":{"line":42,"column":18},"end":{"line":44,"column":22}}],"line":42},"9":{"loc":{"start":{"line":45,"column":44},"end":{"line":45,"column":null}},"type":"binary-expr","locations":[{"start":{"line":45,"column":44},"end":{"line":45,"column":46}},{"start":{"line":45,"column":44},"end":{"line":45,"column":null}}],"line":45},"10":{"loc":{"start":{"line":51,"column":18},"end":{"line":53,"column":22}},"type":"binary-expr","locations":[{"start":{"line":51,"column":18},"end":{"line":51,"column":null}},{"start":{"line":51,"column":18},"end":{"line":53,"column":22}}],"line":51},"11":{"loc":{"start":{"line":58,"column":10},"end":{"line":58,"column":60}},"type":"binary-expr","locations":[{"start":{"line":58,"column":10},"end":{"line":58,"column":14}},{"start":{"line":58,"column":10},"end":{"line":58,"column":60}}],"line":58},"12":{"loc":{"start":{"line":67,"column":27},"end":{"line":67,"column":53}},"type":"binary-expr","locations":[{"start":{"line":67,"column":27},"end":{"line":67,"column":29}},{"start":{"line":67,"column":27},"end":{"line":67,"column":53}}],"line":67},"13":{"loc":{"start":{"line":67,"column":67},"end":{"line":67,"column":79}},"type":"binary-expr","locations":[{"start":{"line":67,"column":67},"end":{"line":67,"column":79}},{"start":{"line":67,"column":67},"end":{"line":67,"column":79}}],"line":67},"14":{"loc":{"start":{"line":68,"column":10},"end":{"line":71,"column":47}},"type":"binary-expr","locations":[{"start":{"line":68,"column":10},"end":{"line":68,"column":15}},{"start":{"line":68,"column":10},"end":{"line":71,"column":47}}],"line":68},"15":{"loc":{"start":{"line":73,"column":44},"end":{"line":73,"column":null}},"type":"binary-expr","locations":[{"start":{"line":73,"column":44},"end":{"line":73,"column":46}},{"start":{"line":73,"column":44},"end":{"line":73,"column":null}}],"line":73},"16":{"loc":{"start":{"line":76,"column":18},"end":{"line":78,"column":22}},"type":"binary-expr","locations":[{"start":{"line":76,"column":18},"end":{"line":76,"column":null}},{"start":{"line":76,"column":18},"end":{"line":78,"column":22}}],"line":76},"17":{"loc":{"start":{"line":79,"column":44},"end":{"line":79,"column":null}},"type":"binary-expr","locations":[{"start":{"line":79,"column":44},"end":{"line":79,"column":46}},{"start":{"line":79,"column":44},"end":{"line":79,"column":null}}],"line":79},"18":{"loc":{"start":{"line":85,"column":18},"end":{"line":87,"column":22}},"type":"binary-expr","locations":[{"start":{"line":85,"column":18},"end":{"line":85,"column":null}},{"start":{"line":85,"column":18},"end":{"line":87,"column":22}}],"line":85},"19":{"loc":{"start":{"line":93,"column":14},"end":{"line":90,"column":15}},"type":"binary-expr","locations":[{"start":{"line":93,"column":14},"end":{"line":93,"column":null}},{"start":{"line":93,"column":14},"end":{"line":90,"column":15}}],"line":93},"20":{"loc":{"start":{"line":90,"column":78},"end":{"line":90,"column":110}},"type":"binary-expr","locations":[{"start":{"line":90,"column":78},"end":{"line":90,"column":88}},{"start":{"line":90,"column":78},"end":{"line":90,"column":110}}],"line":90}},"s":{"0":3,"1":3,"2":3,"3":249,"4":1,"5":1,"6":1,"7":1,"8":1,"9":1,"10":1,"11":5,"12":1,"13":1,"14":3,"15":1,"16":1,"17":3,"18":1,"19":3,"20":1,"21":2,"22":1,"23":2,"24":1,"25":2,"26":1},"f":{"0":249,"1":1,"2":1,"3":3,"4":1,"5":1,"6":3,"7":1,"8":3,"9":1,"10":2,"11":1,"12":2,"13":1,"14":2,"15":1},"b":{"0":[5,3],"1":[3,2],"2":[3,3],"3":[3,3],"4":[3,3],"5":[3,3],"6":[3,3],"7":[3,3],"8":[3,3],"9":[3,3],"10":[3,3],"11":[2,2],"12":[2,2],"13":[2,2],"14":[2,2],"15":[2,2],"16":[2,2],"17":[2,2],"18":[2,2],"19":[2,2],"20":[2,2]},"meta":{"lastBranch":0,"lastFunction":0,"lastStatement":0,"seen":{}}}
,"/sessions/busy-trusting-lamport/mnt/storybook-repo/src/components/BackBar/BackBar.vue": {"path":"/sessions/busy-trusting-lamport/mnt/storybook-repo/src/components/BackBar/BackBar.vue","statementMap":{"0":{"start":{"line":2,"column":7},"end":{"line":2,"column":17}},"1":{"start":{"line":6,"column":12},"end":{"line":6,"column":34}},"2":{"start":{"line":2,"column":2},"end":{"line":16,"column":69}},"3":{"start":{"line":4,"column":58},"end":{"line":4,"column":null}},"4":{"start":{"line":14,"column":14},"end":{"line":14,"column":null}}},"fnMap":{"0":{"name":"(anonymous_0)","decl":{"start":{"line":4,"column":56},"end":{"line":4,"column":58}},"loc":{"start":{"line":4,"column":58},"end":{"line":4,"column":null}},"line":4},"1":{"name":"(anonymous_1)","decl":{"start":{"line":14,"column":12},"end":{"line":14,"column":14}},"loc":{"start":{"line":14,"column":14},"end":{"line":14,"column":null}},"line":14}},"branchMap":{"0":{"loc":{"start":{"line":4,"column":56},"end":{"line":4,"column":null}},"type":"binary-expr","locations":[{"start":{"line":4,"column":56},"end":{"line":4,"column":58}},{"start":{"line":4,"column":56},"end":{"line":4,"column":null}}],"line":4},"1":{"loc":{"start":{"line":11,"column":12},"end":{"line":16,"column":69}},"type":"cond-expr","locations":[{"start":{"line":11,"column":12},"end":{"line":16,"column":69}}],"line":11},"2":{"loc":{"start":{"line":14,"column":12},"end":{"line":14,"column":null}},"type":"binary-expr","locations":[{"start":{"line":14,"column":12},"end":{"line":14,"column":14}},{"start":{"line":14,"column":12},"end":{"line":14,"column":null}}],"line":14}},"s":{"0":8,"1":8,"2":25,"3":3,"4":2},"f":{"0":3,"1":2},"b":{"0":[25,25],"1":[5],"2":[5,5]},"meta":{"lastBranch":0,"lastFunction":0,"lastStatement":0,"seen":{}}}
,"/sessions/busy-trusting-lamport/mnt/storybook-repo/src/components/BottomSheet/BottomSheet.vue": {"path":"/sessions/busy-trusting-lamport/mnt/storybook-repo/src/components/BottomSheet/BottomSheet.vue","statementMap":{"0":{"start":{"line":60,"column":21},"end":{"line":60,"column":27}},"1":{"start":{"line":62,"column":45},"end":{"line":62,"column":null}},"2":{"start":{"line":64,"column":0},"end":{"line":76,"column":null}},"3":{"start":{"line":65,"column":8},"end":{"line":67,"column":null}},"4":{"start":{"line":66,"column":15},"end":{"line":66,"column":52}},"5":{"start":{"line":67,"column":4},"end":{"line":67,"column":null}},"6":{"start":{"line":69,"column":2},"end":{"line":69,"column":null}},"7":{"start":{"line":70,"column":2},"end":{"line":70,"column":null}},"8":{"start":{"line":71,"column":2},"end":{"line":75,"column":null}},"9":{"start":{"line":78,"column":0},"end":{"line":80,"column":null}},"10":{"start":{"line":79,"column":2},"end":{"line":79,"column":null}},"11":{"start":{"line":47,"column":13},"end":{"line":47,"column":32}},"12":{"start":{"line":2,"column":2},"end":{"line":48,"column":null}},"13":{"start":{"line":11,"column":8},"end":{"line":10,"column":null}},"14":{"start":{"line":10,"column":16},"end":{"line":10,"column":null}},"15":{"start":{"line":50,"column":12},"end":{"line":48,"column":null}},"16":{"start":{"line":35,"column":20},"end":{"line":35,"column":null}}},"fnMap":{"0":{"name":"(anonymous_0)","decl":{"start":{"line":64,"column":0},"end":{"line":64,"column":16}},"loc":{"start":{"line":64,"column":16},"end":{"line":76,"column":null}},"line":64},"1":{"name":"(anonymous_1)","decl":{"start":{"line":65,"column":8},"end":{"line":65,"column":25}},"loc":{"start":{"line":65,"column":25},"end":{"line":67,"column":null}},"line":65},"2":{"name":"(anonymous_2)","decl":{"start":{"line":78,"column":0},"end":{"line":78,"column":18}},"loc":{"start":{"line":78,"column":18},"end":{"line":80,"column":null}},"line":78},"3":{"name":"(anonymous_3)","decl":{"start":{"line":11,"column":8},"end":{"line":11,"column":null}},"loc":{"start":{"line":11,"column":8},"end":{"line":10,"column":null}},"line":11},"4":{"name":"(anonymous_4)","decl":{"start":{"line":10,"column":14},"end":{"line":10,"column":16}},"loc":{"start":{"line":10,"column":16},"end":{"line":10,"column":null}},"line":10},"5":{"name":"(anonymous_5)","decl":{"start":{"line":50,"column":12},"end":{"line":50,"column":null}},"loc":{"start":{"line":50,"column":12},"end":{"line":48,"column":null}},"line":50},"6":{"name":"(anonymous_6)","decl":{"start":{"line":35,"column":18},"end":{"line":35,"column":20}},"loc":{"start":{"line":35,"column":20},"end":{"line":35,"column":null}},"line":35}},"branchMap":{"0":{"loc":{"start":{"line":67,"column":25},"end":{"line":67,"column":null}},"type":"binary-expr","locations":[{"start":{"line":67,"column":25},"end":{"line":67,"column":55}},{"start":{"line":67,"column":59},"end":{"line":67,"column":null}}],"line":67},"1":{"loc":{"start":{"line":6,"co
[...]
,"end":{"line":13,"column":20}},{"start":{"line":13,"column":12},"end":{"line":13,"column":null}}],"line":13},"14":{"loc":{"start":{"line":16,"column":20},"end":{"line":128,"column":56}},"type":"cond-expr","locations":[{"start":{"line":16,"column":20},"end":{"line":26,"column":null}},{"start":{"line":26,"column":4},"end":{"line":128,"column":56}}],"line":16},"15":{"loc":{"start":{"line":17,"column":6},"end":{"line":19,"column":53}},"type":"binary-expr","locations":[{"start":{"line":17,"column":6},"end":{"line":17,"column":11}},{"start":{"line":17,"column":6},"end":{"line":19,"column":53}}],"line":17},"16":{"loc":{"start":{"line":21,"column":6},"end":{"line":21,"column":56}},"type":"binary-expr","locations":[{"start":{"line":21,"column":6},"end":{"line":21,"column":12}},{"start":{"line":21,"column":6},"end":{"line":21,"column":56}}],"line":21},"17":{"loc":{"start":{"line":22,"column":47},"end":{"line":22,"column":53}},"type":"binary-expr","locations":[{"start":{"line":22,"column":47},"end":{"line":22,"column":52}},{"start":{"line":22,"column":47},"end":{"line":22,"column":53}}],"line":22},"18":{"loc":{"start":{"line":28,"column":17},"end":{"line":29,"column":null}},"type":"cond-expr","locations":[{"start":{"line":28,"column":17},"end":{"line":29,"column":18}},{"start":{"line":29,"column":6},"end":{"line":29,"column":18}}],"line":28},"19":{"loc":{"start":{"line":32,"column":17},"end":{"line":32,"column":null}},"type":"cond-expr","locations":[{"start":{"line":32,"column":40},"end":{"line":32,"column":17}},{"start":{"line":32,"column":81},"end":{"line":32,"column":null}}],"line":32},"20":{"loc":{"start":{"line":32,"column":17},"end":{"line":32,"column":58}},"type":"binary-expr","locations":[{"start":{"line":32,"column":17},"end":{"line":32,"column":27}},{"start":{"line":32,"column":27},"end":{"line":32,"column":58}}],"line":32},"21":{"loc":{"start":{"line":35,"column":22},"end":{"line":60,"column":46}},"type":"cond-expr","locations":[{"start":{"line":35,"column":35},"end":{"line":60,"column":46}}],"line":35},"22":{"loc":{"start":{"line":36,"column":8},"end":{"line":36,"column":44}},"type":"binary-expr","locations":[{"start":{"line":36,"column":8},"end":{"line":36,"column":13}},{"start":{"line":36,"column":8},"end":{"line":36,"column":44}}],"line":36},"23":{"loc":{"start":{"line":37,"column":8},"end":{"line":37,"column":46}},"type":"binary-expr","locations":[{"start":{"line":37,"column":8},"end":{"line":37,"column":13}},{"start":{"line":37,"column":8},"end":{"line":37,"column":46}}],"line":37},"24":{"loc":{"start":{"line":38,"column":8},"end":{"line":38,"column":49}},"type":"binary-expr","locations":[{"start":{"line":38,"column":8},"end":{"line":38,"column":13}},{"start":{"line":38,"column":8},"end":{"line":38,"column":49}}],"line":38},"25":{"loc":{"start":{"line":43,"column":16},"end":{"line":41,"column":58}},"type":"binary-expr","locations":[{"start":{"line":43,"column":16},"end":{"line":43,"column":null}},{"start":{"line":43,"column":16},"end":{"line":41,"column":58}}],"line":43},"26":{"loc":{"start":{"line":45,"column":24},"end":{"line":60,"column":46}},"type":"cond-expr","locations":[{"start":{"line":45,"column":24},"end":{"line":45,"column":null}},{"start":{"line":47,"column":10},"end":{"line":60,"column":46}}],"line":45},"27":{"loc":{"start":{"line":45,"column":70},"end":{"line":45,"column":94}},"type":"binary-expr","locations":[{"start":{"line":45,"column":70},"end":{"line":45,"column":77}},{"start":{"line":45,"column":70},"end":{"line":45,"column":94}}],"line":45},"28":{"loc":{"start":{"line":57,"column":18},"end":{"line":52,"column":22}},"type":"binary-expr","locations":[{"start":{"line":57,"column":18},"end":{"line":57,"column":null}},{"start":{"line":57,"column":18},"end":{"line":52,"column":22}}],"line":57},"29":{"loc":{"start":{"line":58,"column":12},"end":{"line":60,"column":46}},"type":"binary-expr","locations":[{"start":{"line":58,"column":12},"end":{"line":58,"column":17}},{"start":{"line":58,"column":12},"end":{"line":60,"column":46}}],"line":58},"30":{"loc":{"start":{"line":68,"column":17},"end":{"line":71,"column":27}},"type":"cond-expr","locations":[{"start":{"line":68,"column":30},"end":{"line":71,"column":27}}],"line":68},"31":{"loc":{"start":{"line":73,"column":12},"end":{"line":71,"column":27}},"type":"binary-expr","locations":[{"start":{"line":73,"column":12},"end":{"line":73,"column":null}},{"start":{"line":73,"column":12},"end":{"line":71,"column":27}}],"line":73},"32":{"loc":{"start":{"line":76,"column":17},"end":{"line":77,"column":44}},"type":"cond-expr","locations":[{"start":{"line":76,"column":30},"end":{"line":77,"column":44}},{"start":{"line":77,"column":38},"end":{"line":77,"column":44}}],"line":76},"33":{"loc":{"start":{"line":78,"column":12},"end":{"line":77,"column":44}},"type":"binary-expr","locations":[{"start":{"line":78,"column":12},"end":{"line":78,"column":null}},{"start":{"line":78,"column":12},"end":{"line":77,"column":44}}],"line":78},"34":{"loc":{"start":{"line":81,"column":18},"end":{"line":82,"column":35}},"type":"cond-expr","locations":[{"start":{"line":81,"column":36},"end":{"line":82,"column":35}},{"start":{"line":82,"column":25},"end":{"line":82,"column":35}}],"line":81},"35":{"loc":{"start":{"line":81,"column":18},"end":{"line":81,"column":53}},"type":"binary-expr","locations":[{"start":{"line":81,"column":18},"end":{"line":81,"column":31}},{"start":{"line":81,"column":31},"end":{"line":81,"column":53}}],"line":81},"36":{"loc":{"start":{"line":84,"column":17},"end":{"line":85,"column":35}},"type":"cond-expr","locations":[{"start":{"line":84,"column":37},"end":{"line":85,"column":35}},{"start":{"line":85,"column":25},"end":{"line":85,"column":35}}],"line":84},"37":{"loc":{"start":{"line":84,"column":17},"end":{"line":84,"column":52}},"type":"binary-expr","locations":[{"start":{"line":84,"column":17},"end":{"line":84,"column":32}},{"start":{"line":84,"column":32},"end":{"line":84,"column":52}}],"line":84},"38":{"loc":{"start":{"line":90,"column":14},"end":{"line":95,"column":358}},"type":"cond-expr","locations":[{"start":{"line":90,"column":37},"end":{"line":95,"column":358}}],"line":90},"39":{"loc":{"start":{"line":90,"column":14},"end":{"line":90,"column":null}},"type":"binary-expr","locations":[{"start":{"line":90,"column":14},"end":{"line":90,"column":24}},{"start":{"line":90,"column":24},"end":{"line":90,"column":null}}],"line":90},"40":{"loc":{"start":{"line":97,"column":12},"end":{"line":95,"column":358}},"type":"binary-expr","locations":[{"start":{"line":97,"column":12},"end":{"line":97,"column":null}},{"start":{"line":97,"column":12},"end":{"line":95,"column":358}}],"line":97},"41":{"loc":{"start":{"line":101,"column":15},"end":{"line":107,"column":105}},"type":"cond-expr","locations":[{"start":{"line":101,"column":38},"end":{"line":107,"column":105}}],"line":101},"42":{"loc":{"start":{"line":101,"column":15},"end":{"line":101,"column":null}},"type":"binary-expr","locations":[{"start":{"line":101,"column":15},"end":{"line":101,"column":25}},{"start":{"line":101,"column":25},"end":{"line":101,"column":null}}],"line":101},"43":{"loc":{"start":{"line":106,"column":21},"end":{"line":106,"column":49}},"type":"cond-expr","locations":[{"start":{"line":106,"column":36},"end":{"line":106,"column":49}},{"start":{"line":106,"column":36},"end":{"line":106,"column":49}}],"line":106},"44":{"loc":{"start":{"line":106,"column":57},"end":{"line":106,"column":84}},"type":"cond-expr","locations":[{"start":{"line":106,"column":72},"end":{"line":106,"column":84}},{"start":{"line":106,"column":72},"end":{"line":106,"column":84}}],"line":106},"45":{"loc":{"start":{"line":107,"column":10},"end":{"line":107,"column":105}},"type":"binary-expr","locations":[{"start":{"line":107,"column":10},"end":{"line":107,"column":16}},{"start":{"line":107,"column":10},"end":{"line":107,"column":105}}],"line":107},"46":{"loc":{"start":{"line":112,"column":17},"end":{"line":128,"column":56}},"type":"cond-expr","locations":[{"start":{"line":112,"column":30},"end":{"line":128,"column":56}}],"line":112},"47":{"loc":{"start":{"line":114,"column":24},"end":{"line":128,"column":56}},"type":"cond-expr","locations":[{"start":{"line":114,"column":24},"end":{"line":122,"column":65}},{"start":{"line":122,"column":56},"end":{"line":128,"column":56}}],"line":114}},"s":{"0":223,"1":223,"2":223,"3":223,"4":115,"5":115,"6":115,"7":115,"8":115,"9":115,"10":223,"11":223,"12":223,"13":223,"14":223,"15":223,"16":1,"17":222,"18":223,"19":5,"20":5,"21":223,"22":6,"23":6,"24":6,"25":6,"26":223,"27":223,"28":223,"29":5,"30":0,"31":5,"32":2,"33":1,"34":1,"35":1,"36":1,"37":223,"38":223,"39":5,"40":5,"41":5,"42":5,"43":5,"44":5,"45":5,"46":223,"47":192,"48":5,"49":192,"50":5,"51":5,"52":5,"53":5,"54":5,"55":5,"56":5,"57":225,"58":3,"59":1,"60":1},"f":{"0":223,"1":115,"2":223,"3":5,"4":6,"5":5,"6":2,"7":223,"8":5,"9":192,"10":3,"11":1,"12":0,"13":1},"b":{"0":[223,223],"1":[53,170],"2":[1,114],"3":[1,222],"4":[223,6],"5":[0,5],"6":[1,1],"7":[1,0],"8":[5,218],"9":[5,0],"10":[5,0],"11":[5,187],"12":[225,223],"13":[225,223],"14":[1,224],"15":[1,1],"16":[1,1],"17":[1,1],"18":[1,223],"19":[49,175],"20":[224,55],"21":[6],"22":[6,5],"23":[6,5],"24":[6,5],"25":[6,5],"26":[1,5],"27":[1,1],"28":[5,4],"29":[5,4],"30":[2],"31":[2,2],"32":[2,222],"33":[2,2],"34":[99,125],"35":[224,214],"36":[115,109],"37":[224,115],"38":[49],"39":[224,55],"40":[49,49],"41":[169],"42":[224,169],"43":[115,54],"44":[115,54],"45":[169,169],"46":[218],"47":[115,103]},"meta":{"lastBranch":0,"lastFunction":0,"lastStatement":0,"seen":{}}}
,"/sessions/busy-trusting-lamport/mnt/storybook-repo/src/components/VideoTypeChips/VideoTypeChips.vue": {"path":"/sessions/busy-trusting-lamport/mnt/storybook-repo/src/components/VideoTypeChips/VideoTypeChips.vue","statementMap":{"0":{"start":{"line":37,"column":14},"end":{"line":37,"column":null}},"1":{"start":{"line":25,"column":12},"end":{"line":25,"column":30}},"2":{"start":{"line":2,"column":2},"end":{"line":25,"column":54}},"3":{"start":{"line":3,"column":4},"end":{"line":25,"column":54}},"4":{"start":{"line":14,"column":12},"end":{"line":14,"column":null}}},"fnMap":{"0":{"name":"(anonymous_0)","decl":{"start":{"line":4,"column":21},"end":{"line":4,"column":null}},"loc":{"start":{"line":4,"column":17},"end":{"line":25,"column":54}},"line":4},"1":{"name":"(anonymous_1)","decl":{"start":{"line":14,"column":7},"end":{"line":14,"column":12}},"loc":{"start":{"line":14,"column":12},"end":{"line":14,"column":null}},"line":14}},"branchMap":{"0":{"loc":{"start":{"line":14,"column":12},"end":{"line":14,"column":null}},"type":"binary-expr","locations":[{"start":{"line":14,"column":12},"end":{"line":14,"column":32}},{"start":{"line":14,"column":32},"end":{"line":14,"column":null}}],"line":14},"1":{"loc":{"start":{"line":17,"column":14},"end":{"line":25,"column":12}},"type":"cond-expr","locations":[{"start":{"line":17,"column":19},"end":{"line":25,"column":12}},{"start":{"line":25,"column":6},"end":{"line":25,"column":12}}],"line":17},"2":{"loc":{"start":{"line":24,"column":13},"end":{"line":25,"column":12}},"type":"binary-expr","locations":[{"start":{"line":24,"column":13},"end":{"line":24,"column":null}},{"start":{"line":24,"column":13},"end":{"line":25,"column":12}}],"line":24}},"s":{"0":24,"1":2,"2":26,"3":77,"4":2},"f":{"0":77,"1":2},"b":{"0":[2,2],"1":[32,45],"2":[32,20]},"meta":{"lastBranch":3,"lastFunction":2,"lastStatement":5,"seen":{"s:37:14:37:Infinity":0,"s:25:12:25:30":1,"s:2:2:25:54":2,"f:4:21:4:Infinity":0,"s:3:4:25:54":3,"f:14:7:14:12":1,"s:14:12:14:Infinity":4,"b:14:12:14:32:14:32:14:Infinity":0,"b:17:19:25:12:25:6:25:12":1,"b:24:13:24:Infinity:24:13:25:12":2}}}
,"/sessions/busy-trusting-lamport/mnt/storybook-repo/src/stories/Button.vue": {"path":"/sessions/busy-trusting-lamport/mnt/storybook-repo/src/stories/Button.vue","statementMap":{"0":{"start":{"line":10,"column":14},"end":{"line":10,"column":null}},"1":{"start":{"line":32,"column":13},"end":{"line":32,"column":null}},"2":{"start":{"line":36,"column":16},"end":{"line":41,"column":3}},"3":{"start":{"line":36,"column":32},"end":{"line":41,"column":3}},"4":{"start":{"line":43,"column":14},"end":{"line":45,"column":3}},"5":{"start":{"line":43,"column":30},"end":{"line":44,"column":null}},"6":{"start":{"line":47,"column":6},"end":{"line":48,"column":null}},"7":{"start":{"line":48,"column":2},"end":{"line":48,"column":null}},"8":{"start":{"line":2,"column":2},"end":{"line":2,"column":93}}},"fnMap":{"0":{"name":"(anonymous_0)","decl":{"start":{"line":36,"column":16},"end":{"line":36,"column":32}},"loc":{"start":{"line":36,"column":32},"end":{"line":41,"column":3}},"line":36},"1":{"name":"(anonymous_1)","decl":{"start":{"line":43,"column":14},"end":{"line":43,"column":30}},"loc":{"start":{"line":43,"column":30},"end":{"line":44,"column":null}},"line":43},"2":{"name":"(anonymous_2)","decl":{"start":{"line":47,"column":6},"end":{"line":47,"column":22}},"loc":{"start":{"line":47,"column":22},"end":{"line":48,"column":null}},"line":47}},"branchMap":{"0":{"loc":{"start":{"line":40,"column":24},"end":{"line":40,"column":51}},"type":"binary-expr","locations":[{"start":{"line":40,"column":24},"end":{"line":40,"column":38}},{"start":{"line":40,"column":38},"end":{"line":40,"column":51}}],"line":40}},"s":{"0":12,"1":12,"2":12,"3":12,"4":12,"5":12,"6":12,"7":1,"8":12},"f":{"0":12,"1":12,"2":1},"b":{"0":[12,2]},"meta":{"lastBranch":1,"lastFunction":3,"lastStatement":9,"seen":{"s:10:14:10:Infinity":0,"s:32:13:32:Infinity":1,"s:36:16:41:3":2,"f:36:16:36:32":0,"s:36:32:41:3":3,"b:40:24:40:38:40:38:40:51":0,"s:43:14:45:3":4,"f:43:14:43:30":1,"s:43:30:44:Infinity":5,"s:47:6:48:Infinity":6,"f:47:6:47:22":2,"s:48:2:48:Infinity":7,"s:2:2:2:93":8}}}
,"/sessions/busy-trusting-lamport/mnt/storybook-repo/src/stories/Header.vue": {"path":"/sessions/busy-trusting-lamport/mnt/storybook-repo/src/stories/Header.vue","statementMap":{"0":{"start":{"line":3,"column":9},"end":{"line":3,"column":33}},"1":{"start":{"line":2,"column":2},"end":{"line":34,"column":null}},"2":{"start":{"line":28,"column":40},"end":{"line":28,"column":57}},"3":{"start":{"line":29,"column":40},"end":{"line":29,"column":56}},"4":{"start":{"line":33,"column":18},"end":{"line":33,"column":null}}},"fnMap":{"0":{"name":"(anonymous_0)","decl":{"start":{"line":28,"column":38},"end":{"line":28,"column":40}},"loc":{"start":{"line":28,"column":40},"end":{"line":28,"column":57}},"line":28},"1":{"name":"(anonymous_1)","decl":{"start":{"line":29,"column":38},"end":{"line":29,"column":40}},"loc":{"start":{"line":29,"column":40},"end":{"line":29,"column":56}},"line":29},"2":{"name":"(anonymous_2)","decl":{"start":{"line":33,"column":16},"end":{"line":33,"column":18}},"loc":{"start":{"line":33,"column":18},"end":{"line":33,"column":null}},"line":33}},"branchMap":{"0":{"loc":{"start":{"line":38,"column":10},"end":{"line":38,"column":null}},"type":"binary-expr","locations":[{"start":{"line":38,"column":10},"end":{"line":38,"column":null}},{"start":{"line":38,"column":10},"end":{"line":38,"column":null}}],"line":38},"1":{"loc":{"start":{"line":24,"column":36},"end":{"line":26,"column":null}},"type":"cond-expr","locations":[{"start":{"line":24,"column":36},"end":{"line":26,"column":null}}],"line":24},"2":{"loc":{"start":{"line":28,"column":79},"end":{"line":28,"column":79}},"type":"cond-expr","locations":[{"start":{"line":28,"column":79},"end":{"line":28,"column":79}}],"line":28},"3":{"loc":{"start":{"line":28,"column":38},"end":{"line":28,"column":57}},"type":"binary-expr","locations":[{"start":{"line":28,"column":38},"end":{"line":28,"column":40}},{"start":{"line":28,"column":38},"end":{"line":28,"column":57}}],"line":28},"4":{"loc":{"start":{"line":29,"column":78},"end":{"line":29,"column":78}},"type":"cond-expr","locations":[{"start":{"line":29,"column":78},"end":{"line":29,"column":78}}],"line":29},"5":{"loc":{"start":{"line":29,"column":38},"end":{"line":29,"column":56}},"type":"binary-expr","locations":[{"start":{"line":29,"column":38},"end":{"line":29,"column":40}},{"start":{"line":29,"column":38},"end":{"line":29,"column":56}}],"line":29},"6":{"loc":{"start":{"line":35,"column":17},"end":{"line":34,"column":null}},"type":"cond-expr","locations":[{"start":{"line":35,"column":17},"end":{"line":34,"column":null}}],"line":35},"7":{"loc":{"start":{"line":33,"column":16},"end":{"line":33,"column":null}},"type":"binary-expr","locations":[{"start":{"line":33,"column":16},"end":{"line":33,"column":18}},{"start":{"line":33,"column":16},"end":{"line":33,"column":null}}],"line":33}},"s":{"0":2,"1":5,"2":0,"3":1,"4":0},"f":{"0":0,"1":1,"2":0},"b":{"0":[5,4],"1":[2],"2":[2],"3":[2,2],"4":[3],"5":[3,3],"6":[3],"7":[3,3]},"meta":{"lastBranch":8,"lastFunction":3,"lastStatement":5,"seen":{"s:3:9:3:33":0,"s:2:2:34:Infinity":1,"b:38:10:38:Infinity:38:10:38:Infinity":0,"b:24:36:26:Infinity":1,"b:28:79:28:79":2,"b:28:38:28:40:28:38:28:57":3,"f:28:38:28:40":0,"s:28:40:28:57":2,"b:29:78:29:78":4,"b:29:38:29:40:29:38:29:56":5,"f:29:38:29:40":1,"s:29:40:29:56":3,"b:35:17:34:Infinity":6,"b:33:16:33:18:33:16:33:Infinity":7,"f:33:16:33:18":2,"s:33:18:33:Infinity":4}}}
,"/sessions/busy-trusting-lamport/mnt/storybook-repo/src/stories/Page.vue": {"path":"/sessions/busy-trusting-lamport/mnt/storybook-repo/src/stories/Page.vue","statementMap":{"0":{"start":{"line":62,"column":13},"end":{"line":62,"column":47}},"1":{"start":{"line":64,"column":6},"end":{"line":65,"column":null}},"2":{"start":{"line":65,"column":2},"end":{"line":65,"column":null}},"3":{"start":{"line":67,"column":6},"end":{"line":68,"column":null}},"4":{"start":{"line":68,"column":2},"end":{"line":68,"column":null}},"5":{"start":{"line":70,"column":6},"end":{"line":71,"column":null}},"6":{"start":{"line":71,"column":2},"end":{"line":71,"column":null}},"7":{"start":{"line":2,"column":2},"end":{"line":3,"column":100}}},"fnMap":{"0":{"name":"(anonymous_0)","decl":{"start":{"line":64,"column":6},"end":{"line":64,"column":22}},"loc":{"start":{"line":64,"column":22},"end":{"line":65,"column":null}},"line":64},"1":{"name":"(anonymous_1)","decl":{"start":{"line":67,"column":6},"end":{"line":67,"column":23}},"loc":{"start":{"line":67,"column":23},"end":{"line":68,"column":null}},"line":67},"2":{"name":"(anonymous_2)","decl":{"start":{"line":70,"column":6},"end":{"line":70,"column":30}},"loc":{"start":{"line":70,"column":30},"end":{"line":71,"column":null}},"line":70}},"branchMap":{},"s":{"0":2,"1":2,"2":1,"3":2,"4":0,"5":2,"6":0,"7":3},"f":{"0":1,"1":0,"2":0},"b":{},"meta":{"lastBranch":0,"lastFunction":3,"lastStatement":8,"seen":{"s:62:13:62:47":0,"s:64:6:65:Infinity":1,"f:64:6:64:22":0,"s:65:2:65:Infinity":2,"s:67:6:68:Infinity":3,"f:67:6:67:23":1,"s:68:2:68:Infinity":4,"s:70:6:71:Infinity":5,"f:70:6:70:30":2,"s:71:2:71:Infinity":6,"s:2:2:3:100":7}}}
,"/sessions/busy-trusting-lamport/mnt/storybook-repo/src/stories/button.css": {"path":"/sessions/busy-trusting-lamport/mnt/storybook-repo/src/stories/button.css","statementMap":{},"fnMap":{},"branchMap":{},"s":{},"f":{},"b":{},"meta":{"lastBranch":0,"lastFunction":0,"lastStatement":0,"seen":{}}}
,"/sessions/busy-trusting-lamport/mnt/storybook-repo/src/stories/header.css": {"path":"/sessions/busy-trusting-lamport/mnt/storybook-repo/src/stories/header.css","statementMap":{},"fnMap":{},"branchMap":{},"s":{},"f":{},"b":{},"meta":{"lastBranch":0,"lastFunction":0,"lastStatement":0,"seen":{}}}
,"/sessions/busy-trusting-lamport/mnt/storybook-repo/src/stories/page.css": {"path":"/sessions/busy-trusting-lamport/mnt/storybook-repo/src/stories/page.css","statementMap":{},"fnMap":{},"branchMap":{},"s":{},"f":{},"b":{},"meta":{"lastBranch":0,"lastFunction":0,"lastStatement":0,"seen":{}}}
,"/sessions/busy-trusting-lamport/mnt/storybook-repo/src/tokens/tokens.css": {"path":"/sessions/busy-trusting-lamport/mnt/storybook-repo/src/tokens/tokens.css","statementMap":{},"fnMap":{},"branchMap":{},"s":{},"f":{},"b":{},"meta":{"lastBranch":0,"lastFunction":0,"lastStatement":0,"seen":{}}}
}
